2020-10-04 22:52:47,279 : INFO : __main__ : no samples found, name = james_2018-09-20, seed = 1, C = 0.001, task = hit/falsealarm
2020-10-04 22:52:47,930 : INFO : __main__ : no samples found, name = james_2018-09-20, seed = 1, C = 0.001, task = miss/falsealarm
2020-10-04 22:52:47,930 : INFO : __main__ : no samples found, name = james_2018-09-20, seed = 1, C = 0.001, task = correctreject/falsealarm
2020-10-04 22:52:48,980 : INFO : __main__ : no samples found, name = james_2018-09-20, seed = 1, C = 0.0001, task = hit/falsealarm
2020-10-04 22:52:49,498 : INFO : __main__ : no samples found, name = james_2018-09-20, seed = 1, C = 0.0001, task = miss/falsealarm
2020-10-04 22:52:49,498 : INFO : __main__ : no samples found, name = james_2018-09-20, seed = 1, C = 0.0001, task = correctreject/falsealarm
2020-10-04 22:52:55,606 : INFO : __main__ : no samples found, name = james_2018-09-20, seed = 1, C = 0.0005, task = hit/falsealarm
2020-10-04 22:52:56,204 : INFO : __main__ : no samples found, name = james_2018-09-20, seed = 1, C = 0.0005, task = miss/falsealarm
2020-10-04 22:52:56,204 : INFO : __main__ : no samples found, name = james_2018-09-20, seed = 1, C = 0.0005, task = correctreject/falsealarm
2020-10-04 22:52:57,139 : INFO : __main__ : no samples found, name = james_2018-09-20, seed = 1, C = 0.003, task = hit/falsealarm
2020-10-04 22:52:57,546 : INFO : __main__ : no samples found, name = james_2018-09-20, seed = 1, C = 0.003, task = miss/falsealarm
2020-10-04 22:52:57,546 : INFO : __main__ : no samples found, name = james_2018-09-20, seed = 1, C = 0.003, task = correctreject/falsealarm
2020-10-04 22:52:57,584 : INFO : __main__ : no samples found, name = james_2018-09-20, seed = 1, C = 1e-05, task = hit/falsealarm
2020-10-04 22:52:58,225 : INFO : __main__ : no samples found, name = james_2018-09-20, seed = 1, C = 1e-05, task = miss/falsealarm
2020-10-04 22:52:58,225 : INFO : __main__ : no samples found, name = james_2018-09-20, seed = 1, C = 1e-05, task = correctreject/falsealarm
2020-10-04 22:53:00,650 : INFO : __main__ : no samples found, name = james_2018-09-20, seed = 1, C = 0.005, task = hit/falsealarm
2020-10-04 22:53:01,195 : INFO : __main__ : no samples found, name = james_2018-09-20, seed = 1, C = 0.005, task = miss/falsealarm
2020-10-04 22:53:01,195 : INFO : __main__ : no samples found, name = james_2018-09-20, seed = 1, C = 0.005, task = correctreject/falsealarm
2020-10-04 22:53:02,102 : INFO : __main__ : no samples found, name = james_2018-09-20, seed = 1, C = 5e-05, task = hit/falsealarm
2020-10-04 22:53:02,147 : INFO : __main__ : no samples found, name = james_2018-09-20, seed = 1, C = 0.007, task = hit/falsealarm
2020-10-04 22:53:02,570 : INFO : __main__ : no samples found, name = james_2018-09-20, seed = 1, C = 5e-05, task = miss/falsealarm
2020-10-04 22:53:02,570 : INFO : __main__ : no samples found, name = james_2018-09-20, seed = 1, C = 5e-05, task = correctreject/falsealarm
2020-10-04 22:53:02,659 : INFO : __main__ : no samples found, name = james_2018-09-20, seed = 1, C = 0.007, task = miss/falsealarm
2020-10-04 22:53:02,659 : INFO : __main__ : no samples found, name = james_2018-09-20, seed = 1, C = 0.007, task = correctreject/falsealarm
2020-10-04 22:53:04,908 : INFO : __main__ : no samples found, name = james_2018-09-20, seed = 1, C = 0.01, task = hit/falsealarm
2020-10-04 22:53:05,342 : INFO : __main__ : no samples found, name = james_2018-09-20, seed = 1, C = 0.01, task = miss/falsealarm
2020-10-04 22:53:05,342 : INFO : __main__ : no samples found, name = james_2018-09-20, seed = 1, C = 0.01, task = correctreject/falsealarm
2020-10-04 22:53:11,616 : INFO : __main__ : no samples found, name = james_2018-09-20, seed = 1, C = 0.02, task = hit/falsealarm
2020-10-04 22:53:12,405 : INFO : __main__ : no samples found, name = james_2018-09-20, seed = 1, C = 0.02, task = miss/falsealarm
2020-10-04 22:53:12,405 : INFO : __main__ : no samples found, name = james_2018-09-20, seed = 1, C = 0.02, task = correctreject/falsealarm
2020-10-04 22:53:17,525 : INFO : __main__ : no samples found, name = james_2018-09-20, seed = 1, C = 0.03, task = hit/falsealarm
2020-10-04 22:53:18,330 : INFO : __main__ : no samples found, name = james_2018-09-20, seed = 1, C = 0.03, task = miss/falsealarm
2020-10-04 22:53:18,330 : INFO : __main__ : no samples found, name = james_2018-09-20, seed = 1, C = 0.03, task = correctreject/falsealarm
2020-10-04 22:53:18,687 : INFO : __main__ : no samples found, name = james_2018-09-20, seed = 1, C = 0.07, task = hit/falsealarm
2020-10-04 22:53:19,275 : INFO : __main__ : no samples found, name = james_2018-09-20, seed = 1, C = 0.07, task = miss/falsealarm
2020-10-04 22:53:19,276 : INFO : __main__ : no samples found, name = james_2018-09-20, seed = 1, C = 0.07, task = correctreject/falsealarm
2020-10-04 22:53:24,970 : INFO : __main__ : no samples found, name = james_2018-09-20, seed = 1, C = 0.05, task = hit/falsealarm
2020-10-04 22:53:25,668 : INFO : __main__ : no samples found, name = james_2018-09-20, seed = 1, C = 0.05, task = miss/falsealarm
2020-10-04 22:53:25,668 : INFO : __main__ : no samples found, name = james_2018-09-20, seed = 1, C = 0.05, task = correctreject/falsealarm
2020-10-04 22:54:07,192 : INFO : __main__ : no samples found, name = james_2018-09-20, seed = 1, C = 1.5, task = hit/falsealarm
2020-10-04 22:54:07,775 : INFO : __main__ : no samples found, name = james_2018-09-20, seed = 1, C = 1.5, task = miss/falsealarm
2020-10-04 22:54:07,775 : INFO : __main__ : no samples found, name = james_2018-09-20, seed = 1, C = 1.5, task = correctreject/falsealarm
2020-10-04 22:54:15,326 : INFO : __main__ : no samples found, name = james_2018-09-20, seed = 1, C = 1.0, task = hit/falsealarm
2020-10-04 22:54:15,860 : INFO : __main__ : no samples found, name = james_2018-09-20, seed = 1, C = 1.0, task = miss/falsealarm
2020-10-04 22:54:15,861 : INFO : __main__ : no samples found, name = james_2018-09-20, seed = 1, C = 1.0, task = correctreject/falsealarm
2020-10-04 22:54:22,453 : INFO : __main__ : no samples found, name = ken_2016-08-18, seed = 1, C = 0.001, task = hit/miss
2020-10-04 22:54:23,674 : INFO : __main__ : no samples found, name = ken_2016-08-18, seed = 1, C = 0.001, task = miss/correctreject
2020-10-04 22:54:23,674 : INFO : __main__ : no samples found, name = ken_2016-08-18, seed = 1, C = 0.001, task = miss/falsealarm
2020-10-04 22:54:26,776 : INFO : __main__ : no samples found, name = ken_2016-08-18, seed = 1, C = 0.0001, task = hit/miss
2020-10-04 22:54:27,828 : INFO : __main__ : no samples found, name = ken_2016-08-18, seed = 1, C = 0.0001, task = miss/correctreject
2020-10-04 22:54:27,828 : INFO : __main__ : no samples found, name = ken_2016-08-18, seed = 1, C = 0.0001, task = miss/falsealarm
2020-10-04 22:54:33,375 : INFO : __main__ : no samples found, name = ken_2016-08-18, seed = 1, C = 0.0005, task = hit/miss
2020-10-04 22:54:33,725 : INFO : __main__ : no samples found, name = ken_2016-08-18, seed = 1, C = 0.007, task = hit/miss
2020-10-04 22:54:34,526 : INFO : __main__ : no samples found, name = ken_2016-08-18, seed = 1, C = 0.0005, task = miss/correctreject
2020-10-04 22:54:34,527 : INFO : __main__ : no samples found, name = ken_2016-08-18, seed = 1, C = 0.0005, task = miss/falsealarm
2020-10-04 22:54:34,742 : INFO : __main__ : no samples found, name = ken_2016-08-18, seed = 1, C = 0.007, task = miss/correctreject
2020-10-04 22:54:34,743 : INFO : __main__ : no samples found, name = ken_2016-08-18, seed = 1, C = 0.007, task = miss/falsealarm
2020-10-04 22:54:35,297 : INFO : __main__ : no samples found, name = ken_2016-08-18, seed = 1, C = 0.003, task = hit/miss
2020-10-04 22:54:35,987 : INFO : __main__ : no samples found, name = ken_2016-08-18, seed = 1, C = 0.003, task = miss/correctreject
2020-10-04 22:54:35,987 : INFO : __main__ : no samples found, name = ken_2016-08-18, seed = 1, C = 0.003, task = miss/falsealarm
2020-10-04 22:54:36,633 : INFO : __main__ : no samples found, name = ken_2016-08-18, seed = 1, C = 1e-05, task = hit/miss
2020-10-04 22:54:37,682 : INFO : __main__ : no samples found, name = ken_2016-08-18, seed = 1, C = 1e-05, task = miss/correctreject
2020-10-04 22:54:37,682 : INFO : __main__ : no samples found, name = ken_2016-08-18, seed = 1, C = 1e-05, task = miss/falsealarm
2020-10-04 22:54:38,724 : INFO : __main__ : no samples found, name = ken_2016-08-18, seed = 1, C = 0.01, task = hit/miss
2020-10-04 22:54:39,400 : INFO : __main__ : no samples found, name = ken_2016-08-18, seed = 1, C = 0.005, task = hit/miss
2020-10-04 22:54:39,765 : INFO : __main__ : no samples found, name = ken_2016-08-18, seed = 1, C = 0.01, task = miss/correctreject
2020-10-04 22:54:39,765 : INFO : __main__ : no samples found, name = ken_2016-08-18, seed = 1, C = 0.01, task = miss/falsealarm
2020-10-04 22:54:40,017 : INFO : __main__ : no samples found, name = ken_2016-08-18, seed = 1, C = 5e-05, task = hit/miss
2020-10-04 22:54:40,443 : INFO : __main__ : no samples found, name = ken_2016-08-18, seed = 1, C = 0.005, task = miss/correctreject
2020-10-04 22:54:40,445 : INFO : __main__ : no samples found, name = ken_2016-08-18, seed = 1, C = 0.005, task = miss/falsealarm
2020-10-04 22:54:41,043 : INFO : __main__ : no samples found, name = ken_2016-08-18, seed = 1, C = 5e-05, task = miss/correctreject
2020-10-04 22:54:41,045 : INFO : __main__ : no samples found, name = ken_2016-08-18, seed = 1, C = 5e-05, task = miss/falsealarm
2020-10-04 22:54:43,884 : INFO : __main__ : no samples found, name = ken_2016-08-18, seed = 1, C = 0.02, task = hit/miss
2020-10-04 22:54:44,934 : INFO : __main__ : no samples found, name = ken_2016-08-18, seed = 1, C = 0.02, task = miss/correctreject
2020-10-04 22:54:44,935 : INFO : __main__ : no samples found, name = ken_2016-08-18, seed = 1, C = 0.02, task = miss/falsealarm
2020-10-04 22:54:56,032 : INFO : __main__ : no samples found, name = ken_2016-08-18, seed = 1, C = 0.03, task = hit/miss
2020-10-04 22:54:57,387 : INFO : __main__ : no samples found, name = ken_2016-08-18, seed = 1, C = 0.03, task = miss/correctreject
2020-10-04 22:54:57,387 : INFO : __main__ : no samples found, name = ken_2016-08-18, seed = 1, C = 0.03, task = miss/falsealarm
2020-10-04 22:54:57,836 : INFO : __main__ : no samples found, name = ken_2016-08-18, seed = 1, C = 0.07, task = hit/miss
2020-10-04 22:54:58,918 : INFO : __main__ : no samples found, name = ken_2016-08-18, seed = 1, C = 0.07, task = miss/correctreject
2020-10-04 22:54:58,920 : INFO : __main__ : no samples found, name = ken_2016-08-18, seed = 1, C = 0.07, task = miss/falsealarm
2020-10-04 22:55:01,430 : INFO : __main__ : no samples found, name = ken_2016-08-18, seed = 1, C = 0.05, task = hit/miss
2020-10-04 22:55:02,110 : INFO : __main__ : no samples found, name = ken_2016-08-18, seed = 1, C = 0.05, task = miss/correctreject
2020-10-04 22:55:02,110 : INFO : __main__ : no samples found, name = ken_2016-08-18, seed = 1, C = 0.05, task = miss/falsealarm
2020-10-04 22:55:49,220 : INFO : __main__ : no samples found, name = ken_2016-08-18, seed = 1, C = 1.5, task = hit/miss
2020-10-04 22:55:50,549 : INFO : __main__ : no samples found, name = ken_2016-08-18, seed = 1, C = 1.5, task = miss/correctreject
2020-10-04 22:55:50,551 : INFO : __main__ : no samples found, name = ken_2016-08-18, seed = 1, C = 1.5, task = miss/falsealarm
2020-10-04 22:55:57,860 : INFO : __main__ : no samples found, name = ken_2016-08-18, seed = 1, C = 1.0, task = hit/miss
2020-10-04 22:55:59,082 : INFO : __main__ : no samples found, name = ken_2016-08-18, seed = 1, C = 1.0, task = miss/correctreject
2020-10-04 22:55:59,083 : INFO : __main__ : no samples found, name = ken_2016-08-18, seed = 1, C = 1.0, task = miss/falsealarm
2020-10-04 22:59:16,126 : INFO : __main__ : missing trials, name = ken_2016-09-30, seed = 1, C = 0.001, task = hit/miss
2020-10-04 22:59:16,128 : INFO : __main__ : missing trials, name = ken_2016-09-30, seed = 1, C = 0.001, task = hit/correctreject
2020-10-04 22:59:16,129 : INFO : __main__ : missing trials, name = ken_2016-09-30, seed = 1, C = 0.001, task = hit/falsealarm
2020-10-04 22:59:16,129 : INFO : __main__ : missing trials, name = ken_2016-09-30, seed = 1, C = 0.001, task = miss/correctreject
2020-10-04 22:59:16,130 : INFO : __main__ : missing trials, name = ken_2016-09-30, seed = 1, C = 0.001, task = miss/falsealarm
2020-10-04 22:59:16,130 : INFO : __main__ : missing trials, name = ken_2016-09-30, seed = 1, C = 0.001, task = correctreject/falsealarm
2020-10-04 22:59:16,131 : INFO : __main__ : missing trials, name = ken_2016-09-30, seed = 1, C = 0.001, task = target/nontarget
2020-10-04 22:59:29,465 : INFO : __main__ : missing trials, name = ken_2016-09-30, seed = 1, C = 0.0001, task = hit/miss
2020-10-04 22:59:29,465 : INFO : __main__ : missing trials, name = ken_2016-09-30, seed = 1, C = 0.0001, task = hit/correctreject
2020-10-04 22:59:29,465 : INFO : __main__ : missing trials, name = ken_2016-09-30, seed = 1, C = 0.0001, task = hit/falsealarm
2020-10-04 22:59:29,465 : INFO : __main__ : missing trials, name = ken_2016-09-30, seed = 1, C = 0.0001, task = miss/correctreject
2020-10-04 22:59:29,466 : INFO : __main__ : missing trials, name = ken_2016-09-30, seed = 1, C = 0.0001, task = miss/falsealarm
2020-10-04 22:59:29,466 : INFO : __main__ : missing trials, name = ken_2016-09-30, seed = 1, C = 0.0001, task = correctreject/falsealarm
2020-10-04 22:59:29,466 : INFO : __main__ : missing trials, name = ken_2016-09-30, seed = 1, C = 0.0001, task = target/nontarget
2020-10-04 22:59:32,337 : INFO : __main__ : missing trials, name = ken_2016-09-30, seed = 1, C = 1e-05, task = hit/miss
2020-10-04 22:59:32,338 : INFO : __main__ : missing trials, name = ken_2016-09-30, seed = 1, C = 1e-05, task = hit/correctreject
2020-10-04 22:59:32,338 : INFO : __main__ : missing trials, name = ken_2016-09-30, seed = 1, C = 1e-05, task = hit/falsealarm
2020-10-04 22:59:32,338 : INFO : __main__ : missing trials, name = ken_2016-09-30, seed = 1, C = 1e-05, task = miss/correctreject
2020-10-04 22:59:32,338 : INFO : __main__ : missing trials, name = ken_2016-09-30, seed = 1, C = 1e-05, task = miss/falsealarm
2020-10-04 22:59:32,338 : INFO : __main__ : missing trials, name = ken_2016-09-30, seed = 1, C = 1e-05, task = correctreject/falsealarm
2020-10-04 22:59:32,338 : INFO : __main__ : missing trials, name = ken_2016-09-30, seed = 1, C = 1e-05, task = target/nontarget
2020-10-04 22:59:34,290 : INFO : __main__ : missing trials, name = ken_2016-09-30, seed = 1, C = 0.0005, task = hit/miss
2020-10-04 22:59:34,290 : INFO : __main__ : missing trials, name = ken_2016-09-30, seed = 1, C = 0.0005, task = hit/correctreject
2020-10-04 22:59:34,290 : INFO : __main__ : missing trials, name = ken_2016-09-30, seed = 1, C = 0.0005, task = hit/falsealarm
2020-10-04 22:59:34,290 : INFO : __main__ : missing trials, name = ken_2016-09-30, seed = 1, C = 0.0005, task = miss/correctreject
2020-10-04 22:59:34,290 : INFO : __main__ : missing trials, name = ken_2016-09-30, seed = 1, C = 0.0005, task = miss/falsealarm
2020-10-04 22:59:34,290 : INFO : __main__ : missing trials, name = ken_2016-09-30, seed = 1, C = 0.0005, task = correctreject/falsealarm
2020-10-04 22:59:34,290 : INFO : __main__ : missing trials, name = ken_2016-09-30, seed = 1, C = 0.0005, task = target/nontarget
2020-10-04 22:59:35,391 : INFO : __main__ : missing trials, name = ken_2016-09-30, seed = 1, C = 0.003, task = hit/miss
2020-10-04 22:59:35,391 : INFO : __main__ : missing trials, name = ken_2016-09-30, seed = 1, C = 0.003, task = hit/correctreject
2020-10-04 22:59:35,391 : INFO : __main__ : missing trials, name = ken_2016-09-30, seed = 1, C = 0.003, task = hit/falsealarm
2020-10-04 22:59:35,391 : INFO : __main__ : missing trials, name = ken_2016-09-30, seed = 1, C = 0.003, task = miss/correctreject
2020-10-04 22:59:35,391 : INFO : __main__ : missing trials, name = ken_2016-09-30, seed = 1, C = 0.003, task = miss/falsealarm
2020-10-04 22:59:35,391 : INFO : __main__ : missing trials, name = ken_2016-09-30, seed = 1, C = 0.003, task = correctreject/falsealarm
2020-10-04 22:59:35,391 : INFO : __main__ : missing trials, name = ken_2016-09-30, seed = 1, C = 0.003, task = target/nontarget
2020-10-04 22:59:39,136 : INFO : __main__ : missing trials, name = ken_2016-09-30, seed = 1, C = 0.007, task = hit/miss
2020-10-04 22:59:39,136 : INFO : __main__ : missing trials, name = ken_2016-09-30, seed = 1, C = 0.007, task = hit/correctreject
2020-10-04 22:59:39,136 : INFO : __main__ : missing trials, name = ken_2016-09-30, seed = 1, C = 0.007, task = hit/falsealarm
2020-10-04 22:59:39,136 : INFO : __main__ : missing trials, name = ken_2016-09-30, seed = 1, C = 0.007, task = miss/correctreject
2020-10-04 22:59:39,136 : INFO : __main__ : missing trials, name = ken_2016-09-30, seed = 1, C = 0.007, task = miss/falsealarm
2020-10-04 22:59:39,136 : INFO : __main__ : missing trials, name = ken_2016-09-30, seed = 1, C = 0.007, task = correctreject/falsealarm
2020-10-04 22:59:39,136 : INFO : __main__ : missing trials, name = ken_2016-09-30, seed = 1, C = 0.007, task = target/nontarget
2020-10-04 22:59:41,581 : INFO : __main__ : missing trials, name = ken_2016-09-30, seed = 1, C = 5e-05, task = hit/miss
2020-10-04 22:59:41,581 : INFO : __main__ : missing trials, name = ken_2016-09-30, seed = 1, C = 5e-05, task = hit/correctreject
2020-10-04 22:59:41,581 : INFO : __main__ : missing trials, name = ken_2016-09-30, seed = 1, C = 5e-05, task = hit/falsealarm
2020-10-04 22:59:41,581 : INFO : __main__ : missing trials, name = ken_2016-09-30, seed = 1, C = 5e-05, task = miss/correctreject
2020-10-04 22:59:41,582 : INFO : __main__ : missing trials, name = ken_2016-09-30, seed = 1, C = 5e-05, task = miss/falsealarm
2020-10-04 22:59:41,582 : INFO : __main__ : missing trials, name = ken_2016-09-30, seed = 1, C = 5e-05, task = correctreject/falsealarm
2020-10-04 22:59:41,582 : INFO : __main__ : missing trials, name = ken_2016-09-30, seed = 1, C = 5e-05, task = target/nontarget
2020-10-04 22:59:42,930 : INFO : __main__ : missing trials, name = ken_2016-09-30, seed = 1, C = 0.01, task = hit/miss
2020-10-04 22:59:42,930 : INFO : __main__ : missing trials, name = ken_2016-09-30, seed = 1, C = 0.01, task = hit/correctreject
2020-10-04 22:59:42,931 : INFO : __main__ : missing trials, name = ken_2016-09-30, seed = 1, C = 0.01, task = hit/falsealarm
2020-10-04 22:59:42,931 : INFO : __main__ : missing trials, name = ken_2016-09-30, seed = 1, C = 0.01, task = miss/correctreject
2020-10-04 22:59:42,931 : INFO : __main__ : missing trials, name = ken_2016-09-30, seed = 1, C = 0.01, task = miss/falsealarm
2020-10-04 22:59:42,931 : INFO : __main__ : missing trials, name = ken_2016-09-30, seed = 1, C = 0.01, task = correctreject/falsealarm
2020-10-04 22:59:42,931 : INFO : __main__ : missing trials, name = ken_2016-09-30, seed = 1, C = 0.01, task = target/nontarget
2020-10-04 22:59:45,541 : INFO : __main__ : missing trials, name = ken_2016-09-30, seed = 1, C = 0.005, task = hit/miss
2020-10-04 22:59:45,541 : INFO : __main__ : missing trials, name = ken_2016-09-30, seed = 1, C = 0.005, task = hit/correctreject
2020-10-04 22:59:45,541 : INFO : __main__ : missing trials, name = ken_2016-09-30, seed = 1, C = 0.005, task = hit/falsealarm
2020-10-04 22:59:45,541 : INFO : __main__ : missing trials, name = ken_2016-09-30, seed = 1, C = 0.005, task = miss/correctreject
2020-10-04 22:59:45,541 : INFO : __main__ : missing trials, name = ken_2016-09-30, seed = 1, C = 0.005, task = miss/falsealarm
2020-10-04 22:59:45,541 : INFO : __main__ : missing trials, name = ken_2016-09-30, seed = 1, C = 0.005, task = correctreject/falsealarm
2020-10-04 22:59:45,541 : INFO : __main__ : missing trials, name = ken_2016-09-30, seed = 1, C = 0.005, task = target/nontarget
2020-10-04 22:59:55,888 : INFO : __main__ : missing trials, name = ken_2016-09-30, seed = 1, C = 0.02, task = hit/miss
2020-10-04 22:59:55,888 : INFO : __main__ : missing trials, name = ken_2016-09-30, seed = 1, C = 0.02, task = hit/correctreject
2020-10-04 22:59:55,888 : INFO : __main__ : missing trials, name = ken_2016-09-30, seed = 1, C = 0.02, task = hit/falsealarm
2020-10-04 22:59:55,888 : INFO : __main__ : missing trials, name = ken_2016-09-30, seed = 1, C = 0.02, task = miss/correctreject
2020-10-04 22:59:55,888 : INFO : __main__ : missing trials, name = ken_2016-09-30, seed = 1, C = 0.02, task = miss/falsealarm
2020-10-04 22:59:55,888 : INFO : __main__ : missing trials, name = ken_2016-09-30, seed = 1, C = 0.02, task = correctreject/falsealarm
2020-10-04 22:59:55,888 : INFO : __main__ : missing trials, name = ken_2016-09-30, seed = 1, C = 0.02, task = target/nontarget
2020-10-04 23:00:06,655 : INFO : __main__ : missing trials, name = ken_2016-09-30, seed = 1, C = 0.03, task = hit/miss
2020-10-04 23:00:06,655 : INFO : __main__ : missing trials, name = ken_2016-09-30, seed = 1, C = 0.03, task = hit/correctreject
2020-10-04 23:00:06,655 : INFO : __main__ : missing trials, name = ken_2016-09-30, seed = 1, C = 0.03, task = hit/falsealarm
2020-10-04 23:00:06,655 : INFO : __main__ : missing trials, name = ken_2016-09-30, seed = 1, C = 0.03, task = miss/correctreject
2020-10-04 23:00:06,655 : INFO : __main__ : missing trials, name = ken_2016-09-30, seed = 1, C = 0.03, task = miss/falsealarm
2020-10-04 23:00:06,655 : INFO : __main__ : missing trials, name = ken_2016-09-30, seed = 1, C = 0.03, task = correctreject/falsealarm
2020-10-04 23:00:06,655 : INFO : __main__ : missing trials, name = ken_2016-09-30, seed = 1, C = 0.03, task = target/nontarget
2020-10-04 23:00:19,195 : INFO : __main__ : missing trials, name = ken_2016-09-30, seed = 1, C = 0.05, task = hit/miss
2020-10-04 23:00:19,195 : INFO : __main__ : missing trials, name = ken_2016-09-30, seed = 1, C = 0.05, task = hit/correctreject
2020-10-04 23:00:19,195 : INFO : __main__ : missing trials, name = ken_2016-09-30, seed = 1, C = 0.05, task = hit/falsealarm
2020-10-04 23:00:19,195 : INFO : __main__ : missing trials, name = ken_2016-09-30, seed = 1, C = 0.05, task = miss/correctreject
2020-10-04 23:00:19,195 : INFO : __main__ : missing trials, name = ken_2016-09-30, seed = 1, C = 0.05, task = miss/falsealarm
2020-10-04 23:00:19,195 : INFO : __main__ : missing trials, name = ken_2016-09-30, seed = 1, C = 0.05, task = correctreject/falsealarm
2020-10-04 23:00:19,195 : INFO : __main__ : missing trials, name = ken_2016-09-30, seed = 1, C = 0.05, task = target/nontarget
2020-10-04 23:00:28,277 : INFO : __main__ : missing trials, name = ken_2016-09-30, seed = 1, C = 0.07, task = hit/miss
2020-10-04 23:00:28,278 : INFO : __main__ : missing trials, name = ken_2016-09-30, seed = 1, C = 0.07, task = hit/correctreject
2020-10-04 23:00:28,279 : INFO : __main__ : missing trials, name = ken_2016-09-30, seed = 1, C = 0.07, task = hit/falsealarm
2020-10-04 23:00:28,280 : INFO : __main__ : missing trials, name = ken_2016-09-30, seed = 1, C = 0.07, task = miss/correctreject
2020-10-04 23:00:28,280 : INFO : __main__ : missing trials, name = ken_2016-09-30, seed = 1, C = 0.07, task = miss/falsealarm
2020-10-04 23:00:28,281 : INFO : __main__ : missing trials, name = ken_2016-09-30, seed = 1, C = 0.07, task = correctreject/falsealarm
2020-10-04 23:00:28,282 : INFO : __main__ : missing trials, name = ken_2016-09-30, seed = 1, C = 0.07, task = target/nontarget
2020-10-04 23:01:55,855 : INFO : __main__ : missing trials, name = ken_2016-09-30, seed = 1, C = 1.5, task = hit/miss
2020-10-04 23:01:55,856 : INFO : __main__ : missing trials, name = ken_2016-09-30, seed = 1, C = 1.5, task = hit/correctreject
2020-10-04 23:01:55,857 : INFO : __main__ : missing trials, name = ken_2016-09-30, seed = 1, C = 1.5, task = hit/falsealarm
2020-10-04 23:01:55,857 : INFO : __main__ : missing trials, name = ken_2016-09-30, seed = 1, C = 1.5, task = miss/correctreject
2020-10-04 23:01:55,858 : INFO : __main__ : missing trials, name = ken_2016-09-30, seed = 1, C = 1.5, task = miss/falsealarm
2020-10-04 23:01:55,859 : INFO : __main__ : missing trials, name = ken_2016-09-30, seed = 1, C = 1.5, task = correctreject/falsealarm
2020-10-04 23:01:55,859 : INFO : __main__ : missing trials, name = ken_2016-09-30, seed = 1, C = 1.5, task = target/nontarget
2020-10-04 23:02:10,443 : INFO : __main__ : missing trials, name = ken_2016-09-30, seed = 1, C = 1.0, task = hit/miss
2020-10-04 23:02:10,443 : INFO : __main__ : missing trials, name = ken_2016-09-30, seed = 1, C = 1.0, task = hit/correctreject
2020-10-04 23:02:10,444 : INFO : __main__ : missing trials, name = ken_2016-09-30, seed = 1, C = 1.0, task = hit/falsealarm
2020-10-04 23:02:10,444 : INFO : __main__ : missing trials, name = ken_2016-09-30, seed = 1, C = 1.0, task = miss/correctreject
2020-10-04 23:02:10,444 : INFO : __main__ : missing trials, name = ken_2016-09-30, seed = 1, C = 1.0, task = miss/falsealarm
2020-10-04 23:02:10,444 : INFO : __main__ : missing trials, name = ken_2016-09-30, seed = 1, C = 1.0, task = correctreject/falsealarm
2020-10-04 23:02:10,444 : INFO : __main__ : missing trials, name = ken_2016-09-30, seed = 1, C = 1.0, task = target/nontarget
