2020-10-04 21:11:15,819 : INFO : __main__ : no samples found, name = james_2018-09-20, seed = 1, C = 0.007, task = hit/falsealarm
2020-10-04 21:11:16,226 : INFO : __main__ : no samples found, name = james_2018-09-20, seed = 1, C = 0.007, task = miss/falsealarm
2020-10-04 21:11:16,227 : INFO : __main__ : no samples found, name = james_2018-09-20, seed = 1, C = 0.007, task = correctreject/falsealarm
2020-10-04 21:11:30,988 : INFO : __main__ : no samples found, name = james_2018-09-20, seed = 1, C = 0.0001, task = hit/falsealarm
2020-10-04 21:11:31,396 : INFO : __main__ : no samples found, name = james_2018-09-20, seed = 1, C = 0.0001, task = miss/falsealarm
2020-10-04 21:11:31,396 : INFO : __main__ : no samples found, name = james_2018-09-20, seed = 1, C = 0.0001, task = correctreject/falsealarm
2020-10-04 21:11:35,299 : INFO : __main__ : no samples found, name = james_2018-09-20, seed = 1, C = 0.07, task = hit/falsealarm
2020-10-04 21:11:35,646 : INFO : __main__ : no samples found, name = james_2018-09-20, seed = 1, C = 0.07, task = miss/falsealarm
2020-10-04 21:11:35,646 : INFO : __main__ : no samples found, name = james_2018-09-20, seed = 1, C = 0.07, task = correctreject/falsealarm
2020-10-04 21:11:35,892 : INFO : __main__ : no samples found, name = james_2018-09-20, seed = 1, C = 0.0005, task = hit/falsealarm
2020-10-04 21:11:36,308 : INFO : __main__ : no samples found, name = james_2018-09-20, seed = 1, C = 0.0005, task = miss/falsealarm
2020-10-04 21:11:36,309 : INFO : __main__ : no samples found, name = james_2018-09-20, seed = 1, C = 0.0005, task = correctreject/falsealarm
2020-10-04 21:11:37,720 : INFO : __main__ : no samples found, name = james_2018-09-20, seed = 1, C = 0.05, task = hit/falsealarm
2020-10-04 21:11:37,989 : INFO : __main__ : no samples found, name = james_2018-09-20, seed = 1, C = 0.05, task = miss/falsealarm
2020-10-04 21:11:37,989 : INFO : __main__ : no samples found, name = james_2018-09-20, seed = 1, C = 0.05, task = correctreject/falsealarm
2020-10-04 21:11:39,391 : INFO : __main__ : no samples found, name = james_2018-09-20, seed = 1, C = 0.005, task = hit/falsealarm
2020-10-04 21:11:39,778 : INFO : __main__ : no samples found, name = james_2018-09-20, seed = 1, C = 0.005, task = miss/falsealarm
2020-10-04 21:11:39,778 : INFO : __main__ : no samples found, name = james_2018-09-20, seed = 1, C = 0.005, task = correctreject/falsealarm
2020-10-04 21:11:40,398 : INFO : __main__ : no samples found, name = james_2018-09-20, seed = 1, C = 0.001, task = hit/falsealarm
2020-10-04 21:11:40,807 : INFO : __main__ : no samples found, name = james_2018-09-20, seed = 1, C = 0.001, task = miss/falsealarm
2020-10-04 21:11:40,807 : INFO : __main__ : no samples found, name = james_2018-09-20, seed = 1, C = 0.001, task = correctreject/falsealarm
2020-10-04 21:11:42,672 : INFO : __main__ : no samples found, name = james_2018-09-20, seed = 1, C = 0.003, task = hit/falsealarm
2020-10-04 21:11:43,073 : INFO : __main__ : no samples found, name = james_2018-09-20, seed = 1, C = 0.003, task = miss/falsealarm
2020-10-04 21:11:43,073 : INFO : __main__ : no samples found, name = james_2018-09-20, seed = 1, C = 0.003, task = correctreject/falsealarm
2020-10-04 21:11:44,823 : INFO : __main__ : no samples found, name = james_2018-09-20, seed = 1, C = 0.01, task = hit/falsealarm
2020-10-04 21:11:45,228 : INFO : __main__ : no samples found, name = james_2018-09-20, seed = 1, C = 0.01, task = miss/falsealarm
2020-10-04 21:11:45,229 : INFO : __main__ : no samples found, name = james_2018-09-20, seed = 1, C = 0.01, task = correctreject/falsealarm
2020-10-04 21:11:47,396 : INFO : __main__ : no samples found, name = james_2018-09-20, seed = 1, C = 0.02, task = hit/falsealarm
2020-10-04 21:11:47,803 : INFO : __main__ : no samples found, name = james_2018-09-20, seed = 1, C = 0.02, task = miss/falsealarm
2020-10-04 21:11:47,803 : INFO : __main__ : no samples found, name = james_2018-09-20, seed = 1, C = 0.02, task = correctreject/falsealarm
2020-10-04 21:11:51,231 : INFO : __main__ : no samples found, name = james_2018-09-20, seed = 1, C = 0.03, task = hit/falsealarm
2020-10-04 21:11:51,489 : INFO : __main__ : no samples found, name = james_2018-09-20, seed = 1, C = 0.03, task = miss/falsealarm
2020-10-04 21:11:51,489 : INFO : __main__ : no samples found, name = james_2018-09-20, seed = 1, C = 0.03, task = correctreject/falsealarm
2020-10-04 21:12:29,143 : INFO : __main__ : no samples found, name = ken_2016-08-18, seed = 1, C = 0.05, task = hit/miss
2020-10-04 21:12:29,678 : INFO : __main__ : no samples found, name = ken_2016-08-18, seed = 1, C = 0.05, task = miss/correctreject
2020-10-04 21:12:29,678 : INFO : __main__ : no samples found, name = ken_2016-08-18, seed = 1, C = 0.05, task = miss/falsealarm
2020-10-04 21:12:31,681 : INFO : __main__ : no samples found, name = ken_2016-08-18, seed = 1, C = 0.007, task = hit/miss
2020-10-04 21:12:32,497 : INFO : __main__ : no samples found, name = ken_2016-08-18, seed = 1, C = 0.007, task = miss/correctreject
2020-10-04 21:12:32,497 : INFO : __main__ : no samples found, name = ken_2016-08-18, seed = 1, C = 0.007, task = miss/falsealarm
2020-10-04 21:12:42,370 : INFO : __main__ : no samples found, name = ken_2016-08-18, seed = 1, C = 0.07, task = hit/miss
2020-10-04 21:12:43,076 : INFO : __main__ : no samples found, name = ken_2016-08-18, seed = 1, C = 0.07, task = miss/correctreject
2020-10-04 21:12:43,077 : INFO : __main__ : no samples found, name = ken_2016-08-18, seed = 1, C = 0.07, task = miss/falsealarm
2020-10-04 21:12:44,053 : INFO : __main__ : no samples found, name = james_2018-09-20, seed = 1, C = 1.0, task = hit/falsealarm
2020-10-04 21:12:44,475 : INFO : __main__ : no samples found, name = james_2018-09-20, seed = 1, C = 1.0, task = miss/falsealarm
2020-10-04 21:12:44,475 : INFO : __main__ : no samples found, name = james_2018-09-20, seed = 1, C = 1.0, task = correctreject/falsealarm
2020-10-04 21:12:44,657 : INFO : __main__ : no samples found, name = ken_2016-08-18, seed = 1, C = 0.0001, task = hit/miss
2020-10-04 21:12:45,472 : INFO : __main__ : no samples found, name = ken_2016-08-18, seed = 1, C = 0.0001, task = miss/correctreject
2020-10-04 21:12:45,472 : INFO : __main__ : no samples found, name = ken_2016-08-18, seed = 1, C = 0.0001, task = miss/falsealarm
2020-10-04 21:12:51,004 : INFO : __main__ : no samples found, name = ken_2016-08-18, seed = 1, C = 0.0005, task = hit/miss
2020-10-04 21:12:51,833 : INFO : __main__ : no samples found, name = ken_2016-08-18, seed = 1, C = 0.0005, task = miss/correctreject
2020-10-04 21:12:51,833 : INFO : __main__ : no samples found, name = ken_2016-08-18, seed = 1, C = 0.0005, task = miss/falsealarm
2020-10-04 21:12:52,923 : INFO : __main__ : no samples found, name = ken_2016-08-18, seed = 1, C = 0.005, task = hit/miss
2020-10-04 21:12:53,729 : INFO : __main__ : no samples found, name = ken_2016-08-18, seed = 1, C = 0.005, task = miss/correctreject
2020-10-04 21:12:53,730 : INFO : __main__ : no samples found, name = ken_2016-08-18, seed = 1, C = 0.005, task = miss/falsealarm
2020-10-04 21:12:55,250 : INFO : __main__ : no samples found, name = ken_2016-08-18, seed = 1, C = 0.02, task = hit/miss
2020-10-04 21:12:55,635 : INFO : __main__ : no samples found, name = ken_2016-08-18, seed = 1, C = 0.001, task = hit/miss
2020-10-04 21:12:55,834 : INFO : __main__ : no samples found, name = ken_2016-08-18, seed = 1, C = 0.02, task = miss/correctreject
2020-10-04 21:12:55,834 : INFO : __main__ : no samples found, name = ken_2016-08-18, seed = 1, C = 0.02, task = miss/falsealarm
2020-10-04 21:12:56,450 : INFO : __main__ : no samples found, name = ken_2016-08-18, seed = 1, C = 0.001, task = miss/correctreject
2020-10-04 21:12:56,450 : INFO : __main__ : no samples found, name = ken_2016-08-18, seed = 1, C = 0.001, task = miss/falsealarm
2020-10-04 21:12:57,120 : INFO : __main__ : no samples found, name = james_2018-09-20, seed = 1, C = 10.0, task = hit/falsealarm
2020-10-04 21:12:57,537 : INFO : __main__ : no samples found, name = james_2018-09-20, seed = 1, C = 10.0, task = miss/falsealarm
2020-10-04 21:12:57,537 : INFO : __main__ : no samples found, name = james_2018-09-20, seed = 1, C = 10.0, task = correctreject/falsealarm
2020-10-04 21:12:57,727 : INFO : __main__ : no samples found, name = ken_2016-08-18, seed = 1, C = 0.01, task = hit/miss
2020-10-04 21:12:58,009 : INFO : __main__ : no samples found, name = ken_2016-08-18, seed = 1, C = 0.003, task = hit/miss
2020-10-04 21:12:58,542 : INFO : __main__ : no samples found, name = ken_2016-08-18, seed = 1, C = 0.01, task = miss/correctreject
2020-10-04 21:12:58,543 : INFO : __main__ : no samples found, name = ken_2016-08-18, seed = 1, C = 0.01, task = miss/falsealarm
2020-10-04 21:12:58,830 : INFO : __main__ : no samples found, name = ken_2016-08-18, seed = 1, C = 0.003, task = miss/correctreject
2020-10-04 21:12:58,830 : INFO : __main__ : no samples found, name = ken_2016-08-18, seed = 1, C = 0.003, task = miss/falsealarm
2020-10-04 21:12:59,645 : INFO : __main__ : no samples found, name = james_2018-09-20, seed = 1, C = 5.0, task = hit/falsealarm
2020-10-04 21:13:00,056 : INFO : __main__ : no samples found, name = james_2018-09-20, seed = 1, C = 5.0, task = miss/falsealarm
2020-10-04 21:13:00,056 : INFO : __main__ : no samples found, name = james_2018-09-20, seed = 1, C = 5.0, task = correctreject/falsealarm
2020-10-04 21:13:03,858 : INFO : __main__ : no samples found, name = ken_2016-08-18, seed = 1, C = 0.03, task = hit/miss
2020-10-04 21:13:04,679 : INFO : __main__ : no samples found, name = ken_2016-08-18, seed = 1, C = 0.03, task = miss/correctreject
2020-10-04 21:13:04,680 : INFO : __main__ : no samples found, name = ken_2016-08-18, seed = 1, C = 0.03, task = miss/falsealarm
2020-10-04 21:14:07,769 : INFO : __main__ : no samples found, name = ken_2016-08-18, seed = 1, C = 1.0, task = hit/miss
2020-10-04 21:14:08,653 : INFO : __main__ : no samples found, name = ken_2016-08-18, seed = 1, C = 1.0, task = miss/correctreject
2020-10-04 21:14:08,653 : INFO : __main__ : no samples found, name = ken_2016-08-18, seed = 1, C = 1.0, task = miss/falsealarm
2020-10-04 21:14:20,308 : INFO : __main__ : no samples found, name = ken_2016-08-18, seed = 1, C = 10.0, task = hit/miss
2020-10-04 21:14:21,166 : INFO : __main__ : no samples found, name = ken_2016-08-18, seed = 1, C = 10.0, task = miss/correctreject
2020-10-04 21:14:21,167 : INFO : __main__ : no samples found, name = ken_2016-08-18, seed = 1, C = 10.0, task = miss/falsealarm
2020-10-04 21:14:23,180 : INFO : __main__ : no samples found, name = ken_2016-08-18, seed = 1, C = 5.0, task = hit/miss
2020-10-04 21:14:24,022 : INFO : __main__ : no samples found, name = ken_2016-08-18, seed = 1, C = 5.0, task = miss/correctreject
2020-10-04 21:14:24,022 : INFO : __main__ : no samples found, name = ken_2016-08-18, seed = 1, C = 5.0, task = miss/falsealarm
2020-10-04 21:15:37,641 : INFO : __main__ : missing trials, name = ken_2016-09-30, seed = 1, C = 0.05, task = hit/miss
2020-10-04 21:15:37,641 : INFO : __main__ : missing trials, name = ken_2016-09-30, seed = 1, C = 0.05, task = hit/correctreject
2020-10-04 21:15:37,641 : INFO : __main__ : missing trials, name = ken_2016-09-30, seed = 1, C = 0.05, task = hit/falsealarm
2020-10-04 21:15:37,641 : INFO : __main__ : missing trials, name = ken_2016-09-30, seed = 1, C = 0.05, task = miss/correctreject
2020-10-04 21:15:37,641 : INFO : __main__ : missing trials, name = ken_2016-09-30, seed = 1, C = 0.05, task = miss/falsealarm
2020-10-04 21:15:37,641 : INFO : __main__ : missing trials, name = ken_2016-09-30, seed = 1, C = 0.05, task = correctreject/falsealarm
2020-10-04 21:15:37,641 : INFO : __main__ : missing trials, name = ken_2016-09-30, seed = 1, C = 0.05, task = target/nontarget
2020-10-04 21:16:24,352 : INFO : __main__ : missing trials, name = ken_2016-09-30, seed = 1, C = 0.007, task = hit/miss
2020-10-04 21:16:24,352 : INFO : __main__ : missing trials, name = ken_2016-09-30, seed = 1, C = 0.007, task = hit/correctreject
2020-10-04 21:16:24,353 : INFO : __main__ : missing trials, name = ken_2016-09-30, seed = 1, C = 0.007, task = hit/falsealarm
2020-10-04 21:16:24,353 : INFO : __main__ : missing trials, name = ken_2016-09-30, seed = 1, C = 0.007, task = miss/correctreject
2020-10-04 21:16:24,353 : INFO : __main__ : missing trials, name = ken_2016-09-30, seed = 1, C = 0.007, task = miss/falsealarm
2020-10-04 21:16:24,353 : INFO : __main__ : missing trials, name = ken_2016-09-30, seed = 1, C = 0.007, task = correctreject/falsealarm
2020-10-04 21:16:24,353 : INFO : __main__ : missing trials, name = ken_2016-09-30, seed = 1, C = 0.007, task = target/nontarget
2020-10-04 21:16:27,512 : INFO : __main__ : missing trials, name = ken_2016-09-30, seed = 1, C = 0.07, task = hit/miss
2020-10-04 21:16:27,512 : INFO : __main__ : missing trials, name = ken_2016-09-30, seed = 1, C = 0.07, task = hit/correctreject
2020-10-04 21:16:27,513 : INFO : __main__ : missing trials, name = ken_2016-09-30, seed = 1, C = 0.07, task = hit/falsealarm
2020-10-04 21:16:27,513 : INFO : __main__ : missing trials, name = ken_2016-09-30, seed = 1, C = 0.07, task = miss/correctreject
2020-10-04 21:16:27,513 : INFO : __main__ : missing trials, name = ken_2016-09-30, seed = 1, C = 0.07, task = miss/falsealarm
2020-10-04 21:16:27,513 : INFO : __main__ : missing trials, name = ken_2016-09-30, seed = 1, C = 0.07, task = correctreject/falsealarm
2020-10-04 21:16:27,513 : INFO : __main__ : missing trials, name = ken_2016-09-30, seed = 1, C = 0.07, task = target/nontarget
2020-10-04 21:16:35,498 : INFO : __main__ : missing trials, name = ken_2016-09-30, seed = 1, C = 0.02, task = hit/miss
2020-10-04 21:16:35,498 : INFO : __main__ : missing trials, name = ken_2016-09-30, seed = 1, C = 0.02, task = hit/correctreject
2020-10-04 21:16:35,498 : INFO : __main__ : missing trials, name = ken_2016-09-30, seed = 1, C = 0.02, task = hit/falsealarm
2020-10-04 21:16:35,498 : INFO : __main__ : missing trials, name = ken_2016-09-30, seed = 1, C = 0.02, task = miss/correctreject
2020-10-04 21:16:35,498 : INFO : __main__ : missing trials, name = ken_2016-09-30, seed = 1, C = 0.02, task = miss/falsealarm
2020-10-04 21:16:35,498 : INFO : __main__ : missing trials, name = ken_2016-09-30, seed = 1, C = 0.02, task = correctreject/falsealarm
2020-10-04 21:16:35,498 : INFO : __main__ : missing trials, name = ken_2016-09-30, seed = 1, C = 0.02, task = target/nontarget
2020-10-04 21:16:37,719 : INFO : __main__ : missing trials, name = ken_2016-09-30, seed = 1, C = 0.0001, task = hit/miss
2020-10-04 21:16:37,720 : INFO : __main__ : missing trials, name = ken_2016-09-30, seed = 1, C = 0.0001, task = hit/correctreject
2020-10-04 21:16:37,720 : INFO : __main__ : missing trials, name = ken_2016-09-30, seed = 1, C = 0.0001, task = hit/falsealarm
2020-10-04 21:16:37,720 : INFO : __main__ : missing trials, name = ken_2016-09-30, seed = 1, C = 0.0001, task = miss/correctreject
2020-10-04 21:16:37,720 : INFO : __main__ : missing trials, name = ken_2016-09-30, seed = 1, C = 0.0001, task = miss/falsealarm
2020-10-04 21:16:37,720 : INFO : __main__ : missing trials, name = ken_2016-09-30, seed = 1, C = 0.0001, task = correctreject/falsealarm
2020-10-04 21:16:37,720 : INFO : __main__ : missing trials, name = ken_2016-09-30, seed = 1, C = 0.0001, task = target/nontarget
2020-10-04 21:16:38,461 : INFO : __main__ : missing trials, name = ken_2016-09-30, seed = 1, C = 0.0005, task = hit/miss
2020-10-04 21:16:38,461 : INFO : __main__ : missing trials, name = ken_2016-09-30, seed = 1, C = 0.0005, task = hit/correctreject
2020-10-04 21:16:38,461 : INFO : __main__ : missing trials, name = ken_2016-09-30, seed = 1, C = 0.0005, task = hit/falsealarm
2020-10-04 21:16:38,461 : INFO : __main__ : missing trials, name = ken_2016-09-30, seed = 1, C = 0.0005, task = miss/correctreject
2020-10-04 21:16:38,461 : INFO : __main__ : missing trials, name = ken_2016-09-30, seed = 1, C = 0.0005, task = miss/falsealarm
2020-10-04 21:16:38,461 : INFO : __main__ : missing trials, name = ken_2016-09-30, seed = 1, C = 0.0005, task = correctreject/falsealarm
2020-10-04 21:16:38,461 : INFO : __main__ : missing trials, name = ken_2016-09-30, seed = 1, C = 0.0005, task = target/nontarget
2020-10-04 21:16:39,858 : INFO : __main__ : missing trials, name = ken_2016-09-30, seed = 1, C = 0.005, task = hit/miss
2020-10-04 21:16:39,858 : INFO : __main__ : missing trials, name = ken_2016-09-30, seed = 1, C = 0.005, task = hit/correctreject
2020-10-04 21:16:39,858 : INFO : __main__ : missing trials, name = ken_2016-09-30, seed = 1, C = 0.005, task = hit/falsealarm
2020-10-04 21:16:39,858 : INFO : __main__ : missing trials, name = ken_2016-09-30, seed = 1, C = 0.005, task = miss/correctreject
2020-10-04 21:16:39,858 : INFO : __main__ : missing trials, name = ken_2016-09-30, seed = 1, C = 0.005, task = miss/falsealarm
2020-10-04 21:16:39,858 : INFO : __main__ : missing trials, name = ken_2016-09-30, seed = 1, C = 0.005, task = correctreject/falsealarm
2020-10-04 21:16:39,858 : INFO : __main__ : missing trials, name = ken_2016-09-30, seed = 1, C = 0.005, task = target/nontarget
2020-10-04 21:16:45,537 : INFO : __main__ : missing trials, name = ken_2016-09-30, seed = 1, C = 0.01, task = hit/miss
2020-10-04 21:16:45,537 : INFO : __main__ : missing trials, name = ken_2016-09-30, seed = 1, C = 0.01, task = hit/correctreject
2020-10-04 21:16:45,537 : INFO : __main__ : missing trials, name = ken_2016-09-30, seed = 1, C = 0.01, task = hit/falsealarm
2020-10-04 21:16:45,537 : INFO : __main__ : missing trials, name = ken_2016-09-30, seed = 1, C = 0.01, task = miss/correctreject
2020-10-04 21:16:45,538 : INFO : __main__ : missing trials, name = ken_2016-09-30, seed = 1, C = 0.01, task = miss/falsealarm
2020-10-04 21:16:45,538 : INFO : __main__ : missing trials, name = ken_2016-09-30, seed = 1, C = 0.01, task = correctreject/falsealarm
2020-10-04 21:16:45,538 : INFO : __main__ : missing trials, name = ken_2016-09-30, seed = 1, C = 0.01, task = target/nontarget
2020-10-04 21:16:51,195 : INFO : __main__ : missing trials, name = ken_2016-09-30, seed = 1, C = 0.03, task = hit/miss
2020-10-04 21:16:51,195 : INFO : __main__ : missing trials, name = ken_2016-09-30, seed = 1, C = 0.03, task = hit/correctreject
2020-10-04 21:16:51,195 : INFO : __main__ : missing trials, name = ken_2016-09-30, seed = 1, C = 0.03, task = hit/falsealarm
2020-10-04 21:16:51,195 : INFO : __main__ : missing trials, name = ken_2016-09-30, seed = 1, C = 0.03, task = miss/correctreject
2020-10-04 21:16:51,195 : INFO : __main__ : missing trials, name = ken_2016-09-30, seed = 1, C = 0.03, task = miss/falsealarm
2020-10-04 21:16:51,195 : INFO : __main__ : missing trials, name = ken_2016-09-30, seed = 1, C = 0.03, task = correctreject/falsealarm
2020-10-04 21:16:51,195 : INFO : __main__ : missing trials, name = ken_2016-09-30, seed = 1, C = 0.03, task = target/nontarget
2020-10-04 21:16:52,245 : INFO : __main__ : missing trials, name = ken_2016-09-30, seed = 1, C = 0.001, task = hit/miss
2020-10-04 21:16:52,246 : INFO : __main__ : missing trials, name = ken_2016-09-30, seed = 1, C = 0.001, task = hit/correctreject
2020-10-04 21:16:52,247 : INFO : __main__ : missing trials, name = ken_2016-09-30, seed = 1, C = 0.001, task = hit/falsealarm
2020-10-04 21:16:52,247 : INFO : __main__ : missing trials, name = ken_2016-09-30, seed = 1, C = 0.001, task = miss/correctreject
2020-10-04 21:16:52,247 : INFO : __main__ : missing trials, name = ken_2016-09-30, seed = 1, C = 0.001, task = miss/falsealarm
2020-10-04 21:16:52,247 : INFO : __main__ : missing trials, name = ken_2016-09-30, seed = 1, C = 0.001, task = correctreject/falsealarm
2020-10-04 21:16:52,247 : INFO : __main__ : missing trials, name = ken_2016-09-30, seed = 1, C = 0.001, task = target/nontarget
2020-10-04 21:16:53,194 : INFO : __main__ : missing trials, name = ken_2016-09-30, seed = 1, C = 0.003, task = hit/miss
2020-10-04 21:16:53,194 : INFO : __main__ : missing trials, name = ken_2016-09-30, seed = 1, C = 0.003, task = hit/correctreject
2020-10-04 21:16:53,194 : INFO : __main__ : missing trials, name = ken_2016-09-30, seed = 1, C = 0.003, task = hit/falsealarm
2020-10-04 21:16:53,194 : INFO : __main__ : missing trials, name = ken_2016-09-30, seed = 1, C = 0.003, task = miss/correctreject
2020-10-04 21:16:53,194 : INFO : __main__ : missing trials, name = ken_2016-09-30, seed = 1, C = 0.003, task = miss/falsealarm
2020-10-04 21:16:53,194 : INFO : __main__ : missing trials, name = ken_2016-09-30, seed = 1, C = 0.003, task = correctreject/falsealarm
2020-10-04 21:16:53,194 : INFO : __main__ : missing trials, name = ken_2016-09-30, seed = 1, C = 0.003, task = target/nontarget
