2020-10-10 12:45:24,542 : INFO : __main__ : no samples found, name = james_2018-09-20, seed = 1, C = 0.0001, task = hit/falsealarm
2020-10-10 12:45:25,736 : INFO : __main__ : no samples found, name = james_2018-09-20, seed = 1, C = 0.0001, task = miss/falsealarm
2020-10-10 12:45:25,736 : INFO : __main__ : no samples found, name = james_2018-09-20, seed = 1, C = 0.0001, task = correctreject/falsealarm
2020-10-10 12:45:28,074 : INFO : __main__ : no samples found, name = james_2018-09-20, seed = 1, C = 0.001, task = hit/falsealarm
2020-10-10 12:45:28,164 : INFO : __main__ : no samples found, name = james_2018-09-20, seed = 1, C = 0.0005, task = hit/falsealarm
2020-10-10 12:45:30,267 : INFO : __main__ : no samples found, name = james_2018-09-20, seed = 1, C = 0.001, task = miss/falsealarm
2020-10-10 12:45:30,267 : INFO : __main__ : no samples found, name = james_2018-09-20, seed = 1, C = 0.001, task = correctreject/falsealarm
2020-10-10 12:45:30,417 : INFO : __main__ : no samples found, name = james_2018-09-20, seed = 1, C = 0.0005, task = miss/falsealarm
2020-10-10 12:45:30,417 : INFO : __main__ : no samples found, name = james_2018-09-20, seed = 1, C = 0.0005, task = correctreject/falsealarm
2020-10-10 12:45:31,990 : INFO : __main__ : no samples found, name = james_2018-09-20, seed = 1, C = 0.005, task = hit/falsealarm
2020-10-10 12:45:33,642 : INFO : __main__ : no samples found, name = james_2018-09-20, seed = 1, C = 0.005, task = miss/falsealarm
2020-10-10 12:45:33,642 : INFO : __main__ : no samples found, name = james_2018-09-20, seed = 1, C = 0.005, task = correctreject/falsealarm
2020-10-10 12:45:44,063 : INFO : __main__ : no samples found, name = james_2018-09-20, seed = 1, C = 0.01, task = hit/falsealarm
2020-10-10 12:45:44,729 : INFO : __main__ : no samples found, name = james_2018-09-20, seed = 1, C = 0.01, task = miss/falsealarm
2020-10-10 12:45:44,729 : INFO : __main__ : no samples found, name = james_2018-09-20, seed = 1, C = 0.01, task = correctreject/falsealarm
2020-10-10 12:45:47,591 : INFO : __main__ : no samples found, name = james_2018-09-20, seed = 1, C = 0.05, task = hit/falsealarm
2020-10-10 12:45:48,328 : INFO : __main__ : no samples found, name = james_2018-09-20, seed = 1, C = 0.05, task = miss/falsealarm
2020-10-10 12:45:48,329 : INFO : __main__ : no samples found, name = james_2018-09-20, seed = 1, C = 0.05, task = correctreject/falsealarm
2020-10-10 12:46:10,719 : INFO : __main__ : no samples found, name = james_2018-09-20, seed = 1, C = 1.0, task = hit/falsealarm
2020-10-10 12:46:11,397 : INFO : __main__ : no samples found, name = james_2018-09-20, seed = 1, C = 1.0, task = miss/falsealarm
2020-10-10 12:46:11,397 : INFO : __main__ : no samples found, name = james_2018-09-20, seed = 1, C = 1.0, task = correctreject/falsealarm
2020-10-10 12:47:19,962 : INFO : __main__ : no samples found, name = ken_2016-08-18, seed = 1, C = 0.0001, task = hit/miss
2020-10-10 12:47:22,810 : INFO : __main__ : no samples found, name = ken_2016-08-18, seed = 1, C = 0.0001, task = miss/correctreject
2020-10-10 12:47:22,810 : INFO : __main__ : no samples found, name = ken_2016-08-18, seed = 1, C = 0.0001, task = miss/falsealarm
2020-10-10 12:47:23,941 : INFO : __main__ : no samples found, name = ken_2016-08-18, seed = 1, C = 0.001, task = hit/miss
2020-10-10 12:47:27,253 : INFO : __main__ : no samples found, name = ken_2016-08-18, seed = 1, C = 0.001, task = miss/correctreject
2020-10-10 12:47:27,376 : INFO : __main__ : no samples found, name = ken_2016-08-18, seed = 1, C = 0.001, task = miss/falsealarm
2020-10-10 12:47:27,409 : INFO : __main__ : no samples found, name = ken_2016-08-18, seed = 1, C = 0.0005, task = hit/miss
2020-10-10 12:47:28,388 : INFO : __main__ : no samples found, name = ken_2016-08-18, seed = 1, C = 0.005, task = hit/miss
2020-10-10 12:47:28,702 : INFO : __main__ : no samples found, name = ken_2016-08-18, seed = 1, C = 0.0005, task = miss/correctreject
2020-10-10 12:47:28,702 : INFO : __main__ : no samples found, name = ken_2016-08-18, seed = 1, C = 0.0005, task = miss/falsealarm
2020-10-10 12:47:29,740 : INFO : __main__ : no samples found, name = ken_2016-08-18, seed = 1, C = 0.005, task = miss/correctreject
2020-10-10 12:47:29,740 : INFO : __main__ : no samples found, name = ken_2016-08-18, seed = 1, C = 0.005, task = miss/falsealarm
2020-10-10 12:47:38,766 : INFO : __main__ : no samples found, name = ken_2016-08-18, seed = 1, C = 0.01, task = hit/miss
2020-10-10 12:47:40,936 : INFO : __main__ : no samples found, name = ken_2016-08-18, seed = 1, C = 0.05, task = hit/miss
2020-10-10 12:47:41,509 : INFO : __main__ : no samples found, name = ken_2016-08-18, seed = 1, C = 0.01, task = miss/correctreject
2020-10-10 12:47:41,509 : INFO : __main__ : no samples found, name = ken_2016-08-18, seed = 1, C = 0.01, task = miss/falsealarm
2020-10-10 12:47:43,333 : INFO : __main__ : no samples found, name = ken_2016-08-18, seed = 1, C = 0.05, task = miss/correctreject
2020-10-10 12:47:43,333 : INFO : __main__ : no samples found, name = ken_2016-08-18, seed = 1, C = 0.05, task = miss/falsealarm
2020-10-10 12:48:07,407 : INFO : __main__ : no samples found, name = ken_2016-08-18, seed = 1, C = 1.0, task = hit/miss
2020-10-10 12:48:09,875 : INFO : __main__ : no samples found, name = ken_2016-08-18, seed = 1, C = 1.0, task = miss/correctreject
2020-10-10 12:48:09,875 : INFO : __main__ : no samples found, name = ken_2016-08-18, seed = 1, C = 1.0, task = miss/falsealarm
2020-10-10 12:53:40,054 : INFO : __main__ : missing trials, name = ken_2016-09-30, seed = 1, C = 0.0001, task = hit/miss
2020-10-10 12:53:40,054 : INFO : __main__ : missing trials, name = ken_2016-09-30, seed = 1, C = 0.0001, task = hit/correctreject
2020-10-10 12:53:40,054 : INFO : __main__ : missing trials, name = ken_2016-09-30, seed = 1, C = 0.0001, task = hit/falsealarm
2020-10-10 12:53:40,054 : INFO : __main__ : missing trials, name = ken_2016-09-30, seed = 1, C = 0.0001, task = miss/correctreject
2020-10-10 12:53:40,054 : INFO : __main__ : missing trials, name = ken_2016-09-30, seed = 1, C = 0.0001, task = miss/falsealarm
2020-10-10 12:53:40,054 : INFO : __main__ : missing trials, name = ken_2016-09-30, seed = 1, C = 0.0001, task = correctreject/falsealarm
2020-10-10 12:53:40,054 : INFO : __main__ : missing trials, name = ken_2016-09-30, seed = 1, C = 0.0001, task = target7k/nontarget14k
2020-10-10 12:53:40,054 : INFO : __main__ : missing trials, name = ken_2016-09-30, seed = 1, C = 0.0001, task = target7k/nontarget20k
2020-10-10 12:53:40,055 : INFO : __main__ : missing trials, name = ken_2016-09-30, seed = 1, C = 0.0001, task = target10k/nontarget14k
2020-10-10 12:53:40,055 : INFO : __main__ : missing trials, name = ken_2016-09-30, seed = 1, C = 0.0001, task = target10k/nontarget20k
2020-10-10 12:53:41,915 : INFO : __main__ : missing trials, name = ken_2016-09-30, seed = 1, C = 0.001, task = hit/miss
2020-10-10 12:53:41,915 : INFO : __main__ : missing trials, name = ken_2016-09-30, seed = 1, C = 0.001, task = hit/correctreject
2020-10-10 12:53:41,915 : INFO : __main__ : missing trials, name = ken_2016-09-30, seed = 1, C = 0.001, task = hit/falsealarm
2020-10-10 12:53:41,915 : INFO : __main__ : missing trials, name = ken_2016-09-30, seed = 1, C = 0.001, task = miss/correctreject
2020-10-10 12:53:41,915 : INFO : __main__ : missing trials, name = ken_2016-09-30, seed = 1, C = 0.001, task = miss/falsealarm
2020-10-10 12:53:41,915 : INFO : __main__ : missing trials, name = ken_2016-09-30, seed = 1, C = 0.001, task = correctreject/falsealarm
2020-10-10 12:53:41,915 : INFO : __main__ : missing trials, name = ken_2016-09-30, seed = 1, C = 0.001, task = target7k/nontarget14k
2020-10-10 12:53:41,915 : INFO : __main__ : missing trials, name = ken_2016-09-30, seed = 1, C = 0.001, task = target7k/nontarget20k
2020-10-10 12:53:41,915 : INFO : __main__ : missing trials, name = ken_2016-09-30, seed = 1, C = 0.001, task = target10k/nontarget14k
2020-10-10 12:53:41,915 : INFO : __main__ : missing trials, name = ken_2016-09-30, seed = 1, C = 0.001, task = target10k/nontarget20k
2020-10-10 12:53:43,003 : INFO : __main__ : missing trials, name = ken_2016-09-30, seed = 1, C = 0.0005, task = hit/miss
2020-10-10 12:53:43,003 : INFO : __main__ : missing trials, name = ken_2016-09-30, seed = 1, C = 0.0005, task = hit/correctreject
2020-10-10 12:53:43,003 : INFO : __main__ : missing trials, name = ken_2016-09-30, seed = 1, C = 0.0005, task = hit/falsealarm
2020-10-10 12:53:43,003 : INFO : __main__ : missing trials, name = ken_2016-09-30, seed = 1, C = 0.0005, task = miss/correctreject
2020-10-10 12:53:43,003 : INFO : __main__ : missing trials, name = ken_2016-09-30, seed = 1, C = 0.0005, task = miss/falsealarm
2020-10-10 12:53:43,003 : INFO : __main__ : missing trials, name = ken_2016-09-30, seed = 1, C = 0.0005, task = correctreject/falsealarm
2020-10-10 12:53:43,003 : INFO : __main__ : missing trials, name = ken_2016-09-30, seed = 1, C = 0.0005, task = target7k/nontarget14k
2020-10-10 12:53:43,003 : INFO : __main__ : missing trials, name = ken_2016-09-30, seed = 1, C = 0.0005, task = target7k/nontarget20k
2020-10-10 12:53:43,003 : INFO : __main__ : missing trials, name = ken_2016-09-30, seed = 1, C = 0.0005, task = target10k/nontarget14k
2020-10-10 12:53:43,003 : INFO : __main__ : missing trials, name = ken_2016-09-30, seed = 1, C = 0.0005, task = target10k/nontarget20k
2020-10-10 12:53:51,421 : INFO : __main__ : missing trials, name = ken_2016-09-30, seed = 1, C = 0.005, task = hit/miss
2020-10-10 12:53:51,421 : INFO : __main__ : missing trials, name = ken_2016-09-30, seed = 1, C = 0.005, task = hit/correctreject
2020-10-10 12:53:51,421 : INFO : __main__ : missing trials, name = ken_2016-09-30, seed = 1, C = 0.005, task = hit/falsealarm
2020-10-10 12:53:51,421 : INFO : __main__ : missing trials, name = ken_2016-09-30, seed = 1, C = 0.005, task = miss/correctreject
2020-10-10 12:53:51,421 : INFO : __main__ : missing trials, name = ken_2016-09-30, seed = 1, C = 0.005, task = miss/falsealarm
2020-10-10 12:53:51,421 : INFO : __main__ : missing trials, name = ken_2016-09-30, seed = 1, C = 0.005, task = correctreject/falsealarm
2020-10-10 12:53:51,421 : INFO : __main__ : missing trials, name = ken_2016-09-30, seed = 1, C = 0.005, task = target7k/nontarget14k
2020-10-10 12:53:51,422 : INFO : __main__ : missing trials, name = ken_2016-09-30, seed = 1, C = 0.005, task = target7k/nontarget20k
2020-10-10 12:53:51,422 : INFO : __main__ : missing trials, name = ken_2016-09-30, seed = 1, C = 0.005, task = target10k/nontarget14k
2020-10-10 12:53:51,422 : INFO : __main__ : missing trials, name = ken_2016-09-30, seed = 1, C = 0.005, task = target10k/nontarget20k
2020-10-10 12:54:23,501 : INFO : __main__ : missing trials, name = ken_2016-09-30, seed = 1, C = 0.01, task = hit/miss
2020-10-10 12:54:23,501 : INFO : __main__ : missing trials, name = ken_2016-09-30, seed = 1, C = 0.01, task = hit/correctreject
2020-10-10 12:54:23,501 : INFO : __main__ : missing trials, name = ken_2016-09-30, seed = 1, C = 0.01, task = hit/falsealarm
2020-10-10 12:54:23,501 : INFO : __main__ : missing trials, name = ken_2016-09-30, seed = 1, C = 0.01, task = miss/correctreject
2020-10-10 12:54:23,501 : INFO : __main__ : missing trials, name = ken_2016-09-30, seed = 1, C = 0.01, task = miss/falsealarm
2020-10-10 12:54:23,501 : INFO : __main__ : missing trials, name = ken_2016-09-30, seed = 1, C = 0.01, task = correctreject/falsealarm
2020-10-10 12:54:23,501 : INFO : __main__ : missing trials, name = ken_2016-09-30, seed = 1, C = 0.01, task = target7k/nontarget14k
2020-10-10 12:54:23,501 : INFO : __main__ : missing trials, name = ken_2016-09-30, seed = 1, C = 0.01, task = target7k/nontarget20k
2020-10-10 12:54:23,502 : INFO : __main__ : missing trials, name = ken_2016-09-30, seed = 1, C = 0.01, task = target10k/nontarget14k
2020-10-10 12:54:23,502 : INFO : __main__ : missing trials, name = ken_2016-09-30, seed = 1, C = 0.01, task = target10k/nontarget20k
2020-10-10 12:54:30,397 : INFO : __main__ : missing trials, name = ken_2016-09-30, seed = 1, C = 0.05, task = hit/miss
2020-10-10 12:54:30,398 : INFO : __main__ : missing trials, name = ken_2016-09-30, seed = 1, C = 0.05, task = hit/correctreject
2020-10-10 12:54:30,398 : INFO : __main__ : missing trials, name = ken_2016-09-30, seed = 1, C = 0.05, task = hit/falsealarm
2020-10-10 12:54:30,398 : INFO : __main__ : missing trials, name = ken_2016-09-30, seed = 1, C = 0.05, task = miss/correctreject
2020-10-10 12:54:30,398 : INFO : __main__ : missing trials, name = ken_2016-09-30, seed = 1, C = 0.05, task = miss/falsealarm
2020-10-10 12:54:30,398 : INFO : __main__ : missing trials, name = ken_2016-09-30, seed = 1, C = 0.05, task = correctreject/falsealarm
2020-10-10 12:54:30,398 : INFO : __main__ : missing trials, name = ken_2016-09-30, seed = 1, C = 0.05, task = target7k/nontarget14k
2020-10-10 12:54:30,398 : INFO : __main__ : missing trials, name = ken_2016-09-30, seed = 1, C = 0.05, task = target7k/nontarget20k
2020-10-10 12:54:30,398 : INFO : __main__ : missing trials, name = ken_2016-09-30, seed = 1, C = 0.05, task = target10k/nontarget14k
2020-10-10 12:54:30,398 : INFO : __main__ : missing trials, name = ken_2016-09-30, seed = 1, C = 0.05, task = target10k/nontarget20k
2020-10-10 12:55:31,691 : INFO : __main__ : missing trials, name = ken_2016-09-30, seed = 1, C = 1.0, task = hit/miss
2020-10-10 12:55:31,691 : INFO : __main__ : missing trials, name = ken_2016-09-30, seed = 1, C = 1.0, task = hit/correctreject
2020-10-10 12:55:31,691 : INFO : __main__ : missing trials, name = ken_2016-09-30, seed = 1, C = 1.0, task = hit/falsealarm
2020-10-10 12:55:31,691 : INFO : __main__ : missing trials, name = ken_2016-09-30, seed = 1, C = 1.0, task = miss/correctreject
2020-10-10 12:55:31,691 : INFO : __main__ : missing trials, name = ken_2016-09-30, seed = 1, C = 1.0, task = miss/falsealarm
2020-10-10 12:55:31,691 : INFO : __main__ : missing trials, name = ken_2016-09-30, seed = 1, C = 1.0, task = correctreject/falsealarm
2020-10-10 12:55:31,691 : INFO : __main__ : missing trials, name = ken_2016-09-30, seed = 1, C = 1.0, task = target7k/nontarget14k
2020-10-10 12:55:31,691 : INFO : __main__ : missing trials, name = ken_2016-09-30, seed = 1, C = 1.0, task = target7k/nontarget20k
2020-10-10 12:55:31,692 : INFO : __main__ : missing trials, name = ken_2016-09-30, seed = 1, C = 1.0, task = target10k/nontarget14k
2020-10-10 12:55:31,692 : INFO : __main__ : missing trials, name = ken_2016-09-30, seed = 1, C = 1.0, task = target10k/nontarget20k
2020-10-10 16:08:10,504 : INFO : __main__ : no samples found, name = james_2018-09-20, seed = 1, C = 0.005, task = hit/falsealarm
2020-10-10 16:08:12,669 : INFO : __main__ : no samples found, name = james_2018-09-20, seed = 1, C = 0.005, task = miss/falsealarm
2020-10-10 16:08:12,669 : INFO : __main__ : no samples found, name = james_2018-09-20, seed = 1, C = 0.005, task = correctreject/falsealarm
2020-10-10 16:08:15,216 : INFO : __main__ : no samples found, name = james_2018-09-20, seed = 1, C = 0.001, task = hit/falsealarm
2020-10-10 16:08:15,874 : INFO : __main__ : no samples found, name = james_2018-09-20, seed = 1, C = 0.001, task = miss/falsealarm
2020-10-10 16:08:15,874 : INFO : __main__ : no samples found, name = james_2018-09-20, seed = 1, C = 0.001, task = correctreject/falsealarm
2020-10-10 16:08:15,882 : INFO : __main__ : no samples found, name = james_2018-09-20, seed = 1, C = 0.0005, task = hit/falsealarm
2020-10-10 16:08:16,566 : INFO : __main__ : no samples found, name = james_2018-09-20, seed = 1, C = 0.0005, task = miss/falsealarm
2020-10-10 16:08:16,567 : INFO : __main__ : no samples found, name = james_2018-09-20, seed = 1, C = 0.0005, task = correctreject/falsealarm
2020-10-10 16:08:23,342 : INFO : __main__ : no samples found, name = james_2018-09-20, seed = 1, C = 0.0001, task = hit/falsealarm
2020-10-10 16:08:24,218 : INFO : __main__ : no samples found, name = james_2018-09-20, seed = 1, C = 0.0001, task = miss/falsealarm
2020-10-10 16:08:24,219 : INFO : __main__ : no samples found, name = james_2018-09-20, seed = 1, C = 0.0001, task = correctreject/falsealarm
2020-10-10 16:08:26,263 : INFO : __main__ : no samples found, name = james_2018-09-20, seed = 1, C = 0.05, task = hit/falsealarm
2020-10-10 16:08:27,873 : INFO : __main__ : no samples found, name = james_2018-09-20, seed = 1, C = 0.05, task = miss/falsealarm
2020-10-10 16:08:27,873 : INFO : __main__ : no samples found, name = james_2018-09-20, seed = 1, C = 0.05, task = correctreject/falsealarm
2020-10-10 16:08:28,054 : INFO : __main__ : no samples found, name = james_2018-09-20, seed = 1, C = 0.01, task = hit/falsealarm
2020-10-10 16:08:29,695 : INFO : __main__ : no samples found, name = james_2018-09-20, seed = 1, C = 0.01, task = miss/falsealarm
2020-10-10 16:08:29,695 : INFO : __main__ : no samples found, name = james_2018-09-20, seed = 1, C = 0.01, task = correctreject/falsealarm
2020-10-10 16:08:49,896 : INFO : __main__ : no samples found, name = james_2018-09-20, seed = 1, C = 1.0, task = hit/falsealarm
2020-10-10 16:08:51,485 : INFO : __main__ : no samples found, name = james_2018-09-20, seed = 1, C = 1.0, task = miss/falsealarm
2020-10-10 16:08:51,486 : INFO : __main__ : no samples found, name = james_2018-09-20, seed = 1, C = 1.0, task = correctreject/falsealarm
2020-10-10 16:09:57,032 : INFO : __main__ : no samples found, name = ken_2016-08-18, seed = 1, C = 0.005, task = hit/miss
2020-10-10 16:09:59,037 : INFO : __main__ : no samples found, name = ken_2016-08-18, seed = 1, C = 0.005, task = miss/correctreject
2020-10-10 16:09:59,037 : INFO : __main__ : no samples found, name = ken_2016-08-18, seed = 1, C = 0.005, task = miss/falsealarm
2020-10-10 16:10:02,123 : INFO : __main__ : no samples found, name = ken_2016-08-18, seed = 1, C = 0.001, task = hit/miss
2020-10-10 16:10:03,488 : INFO : __main__ : no samples found, name = ken_2016-08-18, seed = 1, C = 0.001, task = miss/correctreject
2020-10-10 16:10:03,488 : INFO : __main__ : no samples found, name = ken_2016-08-18, seed = 1, C = 0.001, task = miss/falsealarm
2020-10-10 16:10:03,531 : INFO : __main__ : no samples found, name = ken_2016-08-18, seed = 1, C = 0.0005, task = hit/miss
2020-10-10 16:10:05,994 : INFO : __main__ : no samples found, name = ken_2016-08-18, seed = 1, C = 0.0005, task = miss/correctreject
2020-10-10 16:10:05,994 : INFO : __main__ : no samples found, name = ken_2016-08-18, seed = 1, C = 0.0005, task = miss/falsealarm
2020-10-10 16:10:12,731 : INFO : __main__ : no samples found, name = ken_2016-08-18, seed = 1, C = 0.0001, task = hit/miss
2020-10-10 16:10:13,486 : INFO : __main__ : no samples found, name = ken_2016-08-18, seed = 1, C = 0.05, task = hit/miss
2020-10-10 16:10:14,039 : INFO : __main__ : no samples found, name = ken_2016-08-18, seed = 1, C = 0.0001, task = miss/correctreject
2020-10-10 16:10:14,039 : INFO : __main__ : no samples found, name = ken_2016-08-18, seed = 1, C = 0.0001, task = miss/falsealarm
2020-10-10 16:10:14,907 : INFO : __main__ : no samples found, name = ken_2016-08-18, seed = 1, C = 0.05, task = miss/correctreject
2020-10-10 16:10:14,908 : INFO : __main__ : no samples found, name = ken_2016-08-18, seed = 1, C = 0.05, task = miss/falsealarm
2020-10-10 16:10:17,936 : INFO : __main__ : no samples found, name = ken_2016-08-18, seed = 1, C = 0.01, task = hit/miss
2020-10-10 16:10:22,201 : INFO : __main__ : no samples found, name = ken_2016-08-18, seed = 1, C = 0.01, task = miss/correctreject
2020-10-10 16:10:22,201 : INFO : __main__ : no samples found, name = ken_2016-08-18, seed = 1, C = 0.01, task = miss/falsealarm
2020-10-10 16:10:47,527 : INFO : __main__ : no samples found, name = ken_2016-08-18, seed = 1, C = 1.0, task = hit/miss
2020-10-10 16:10:49,639 : INFO : __main__ : no samples found, name = ken_2016-08-18, seed = 1, C = 1.0, task = miss/correctreject
2020-10-10 16:10:49,639 : INFO : __main__ : no samples found, name = ken_2016-08-18, seed = 1, C = 1.0, task = miss/falsealarm
2020-10-10 16:16:20,246 : INFO : __main__ : missing trials, name = ken_2016-09-30, seed = 1, C = 0.005, task = hit/miss
2020-10-10 16:16:20,246 : INFO : __main__ : missing trials, name = ken_2016-09-30, seed = 1, C = 0.005, task = hit/correctreject
2020-10-10 16:16:20,246 : INFO : __main__ : missing trials, name = ken_2016-09-30, seed = 1, C = 0.005, task = hit/falsealarm
2020-10-10 16:16:20,246 : INFO : __main__ : missing trials, name = ken_2016-09-30, seed = 1, C = 0.005, task = miss/correctreject
2020-10-10 16:16:20,247 : INFO : __main__ : missing trials, name = ken_2016-09-30, seed = 1, C = 0.005, task = miss/falsealarm
2020-10-10 16:16:20,247 : INFO : __main__ : missing trials, name = ken_2016-09-30, seed = 1, C = 0.005, task = correctreject/falsealarm
2020-10-10 16:16:20,247 : INFO : __main__ : missing trials, name = ken_2016-09-30, seed = 1, C = 0.005, task = target7k/nontarget14k
2020-10-10 16:16:20,247 : INFO : __main__ : missing trials, name = ken_2016-09-30, seed = 1, C = 0.005, task = target7k/nontarget20k
2020-10-10 16:16:20,247 : INFO : __main__ : missing trials, name = ken_2016-09-30, seed = 1, C = 0.005, task = target10k/nontarget14k
2020-10-10 16:16:20,247 : INFO : __main__ : missing trials, name = ken_2016-09-30, seed = 1, C = 0.005, task = target10k/nontarget20k
2020-10-10 16:16:27,047 : INFO : __main__ : missing trials, name = ken_2016-09-30, seed = 1, C = 0.0005, task = hit/miss
2020-10-10 16:16:27,047 : INFO : __main__ : missing trials, name = ken_2016-09-30, seed = 1, C = 0.0005, task = hit/correctreject
2020-10-10 16:16:27,047 : INFO : __main__ : missing trials, name = ken_2016-09-30, seed = 1, C = 0.0005, task = hit/falsealarm
2020-10-10 16:16:27,047 : INFO : __main__ : missing trials, name = ken_2016-09-30, seed = 1, C = 0.0005, task = miss/correctreject
2020-10-10 16:16:27,047 : INFO : __main__ : missing trials, name = ken_2016-09-30, seed = 1, C = 0.0005, task = miss/falsealarm
2020-10-10 16:16:27,047 : INFO : __main__ : missing trials, name = ken_2016-09-30, seed = 1, C = 0.0005, task = correctreject/falsealarm
2020-10-10 16:16:27,047 : INFO : __main__ : missing trials, name = ken_2016-09-30, seed = 1, C = 0.0005, task = target7k/nontarget14k
2020-10-10 16:16:27,047 : INFO : __main__ : missing trials, name = ken_2016-09-30, seed = 1, C = 0.0005, task = target7k/nontarget20k
2020-10-10 16:16:27,047 : INFO : __main__ : missing trials, name = ken_2016-09-30, seed = 1, C = 0.0005, task = target10k/nontarget14k
2020-10-10 16:16:27,047 : INFO : __main__ : missing trials, name = ken_2016-09-30, seed = 1, C = 0.0005, task = target10k/nontarget20k
2020-10-10 16:16:36,311 : INFO : __main__ : missing trials, name = ken_2016-09-30, seed = 1, C = 0.001, task = hit/miss
2020-10-10 16:16:36,311 : INFO : __main__ : missing trials, name = ken_2016-09-30, seed = 1, C = 0.001, task = hit/correctreject
2020-10-10 16:16:36,311 : INFO : __main__ : missing trials, name = ken_2016-09-30, seed = 1, C = 0.001, task = hit/falsealarm
2020-10-10 16:16:36,311 : INFO : __main__ : missing trials, name = ken_2016-09-30, seed = 1, C = 0.001, task = miss/correctreject
2020-10-10 16:16:36,311 : INFO : __main__ : missing trials, name = ken_2016-09-30, seed = 1, C = 0.001, task = miss/falsealarm
2020-10-10 16:16:36,311 : INFO : __main__ : missing trials, name = ken_2016-09-30, seed = 1, C = 0.001, task = correctreject/falsealarm
2020-10-10 16:16:36,311 : INFO : __main__ : missing trials, name = ken_2016-09-30, seed = 1, C = 0.001, task = target7k/nontarget14k
2020-10-10 16:16:36,311 : INFO : __main__ : missing trials, name = ken_2016-09-30, seed = 1, C = 0.001, task = target7k/nontarget20k
2020-10-10 16:16:36,311 : INFO : __main__ : missing trials, name = ken_2016-09-30, seed = 1, C = 0.001, task = target10k/nontarget14k
2020-10-10 16:16:36,312 : INFO : __main__ : missing trials, name = ken_2016-09-30, seed = 1, C = 0.001, task = target10k/nontarget20k
2020-10-10 16:17:01,457 : INFO : __main__ : missing trials, name = ken_2016-09-30, seed = 1, C = 0.05, task = hit/miss
2020-10-10 16:17:01,457 : INFO : __main__ : missing trials, name = ken_2016-09-30, seed = 1, C = 0.05, task = hit/correctreject
2020-10-10 16:17:01,457 : INFO : __main__ : missing trials, name = ken_2016-09-30, seed = 1, C = 0.05, task = hit/falsealarm
2020-10-10 16:17:01,457 : INFO : __main__ : missing trials, name = ken_2016-09-30, seed = 1, C = 0.05, task = miss/correctreject
2020-10-10 16:17:01,457 : INFO : __main__ : missing trials, name = ken_2016-09-30, seed = 1, C = 0.05, task = miss/falsealarm
2020-10-10 16:17:01,457 : INFO : __main__ : missing trials, name = ken_2016-09-30, seed = 1, C = 0.05, task = correctreject/falsealarm
2020-10-10 16:17:01,457 : INFO : __main__ : missing trials, name = ken_2016-09-30, seed = 1, C = 0.05, task = target7k/nontarget14k
2020-10-10 16:17:01,457 : INFO : __main__ : missing trials, name = ken_2016-09-30, seed = 1, C = 0.05, task = target7k/nontarget20k
2020-10-10 16:17:01,457 : INFO : __main__ : missing trials, name = ken_2016-09-30, seed = 1, C = 0.05, task = target10k/nontarget14k
2020-10-10 16:17:01,457 : INFO : __main__ : missing trials, name = ken_2016-09-30, seed = 1, C = 0.05, task = target10k/nontarget20k
2020-10-10 16:17:02,895 : INFO : __main__ : missing trials, name = ken_2016-09-30, seed = 1, C = 0.0001, task = hit/miss
2020-10-10 16:17:02,895 : INFO : __main__ : missing trials, name = ken_2016-09-30, seed = 1, C = 0.0001, task = hit/correctreject
2020-10-10 16:17:02,895 : INFO : __main__ : missing trials, name = ken_2016-09-30, seed = 1, C = 0.0001, task = hit/falsealarm
2020-10-10 16:17:02,896 : INFO : __main__ : missing trials, name = ken_2016-09-30, seed = 1, C = 0.0001, task = miss/correctreject
2020-10-10 16:17:02,896 : INFO : __main__ : missing trials, name = ken_2016-09-30, seed = 1, C = 0.0001, task = miss/falsealarm
2020-10-10 16:17:02,896 : INFO : __main__ : missing trials, name = ken_2016-09-30, seed = 1, C = 0.0001, task = correctreject/falsealarm
2020-10-10 16:17:02,896 : INFO : __main__ : missing trials, name = ken_2016-09-30, seed = 1, C = 0.0001, task = target7k/nontarget14k
2020-10-10 16:17:02,896 : INFO : __main__ : missing trials, name = ken_2016-09-30, seed = 1, C = 0.0001, task = target7k/nontarget20k
2020-10-10 16:17:02,896 : INFO : __main__ : missing trials, name = ken_2016-09-30, seed = 1, C = 0.0001, task = target10k/nontarget14k
2020-10-10 16:17:02,896 : INFO : __main__ : missing trials, name = ken_2016-09-30, seed = 1, C = 0.0001, task = target10k/nontarget20k
2020-10-10 16:17:20,051 : INFO : __main__ : missing trials, name = ken_2016-09-30, seed = 1, C = 0.01, task = hit/miss
2020-10-10 16:17:20,051 : INFO : __main__ : missing trials, name = ken_2016-09-30, seed = 1, C = 0.01, task = hit/correctreject
2020-10-10 16:17:20,051 : INFO : __main__ : missing trials, name = ken_2016-09-30, seed = 1, C = 0.01, task = hit/falsealarm
2020-10-10 16:17:20,051 : INFO : __main__ : missing trials, name = ken_2016-09-30, seed = 1, C = 0.01, task = miss/correctreject
2020-10-10 16:17:20,051 : INFO : __main__ : missing trials, name = ken_2016-09-30, seed = 1, C = 0.01, task = miss/falsealarm
2020-10-10 16:17:20,051 : INFO : __main__ : missing trials, name = ken_2016-09-30, seed = 1, C = 0.01, task = correctreject/falsealarm
2020-10-10 16:17:20,051 : INFO : __main__ : missing trials, name = ken_2016-09-30, seed = 1, C = 0.01, task = target7k/nontarget14k
2020-10-10 16:17:20,051 : INFO : __main__ : missing trials, name = ken_2016-09-30, seed = 1, C = 0.01, task = target7k/nontarget20k
2020-10-10 16:17:20,051 : INFO : __main__ : missing trials, name = ken_2016-09-30, seed = 1, C = 0.01, task = target10k/nontarget14k
2020-10-10 16:17:20,051 : INFO : __main__ : missing trials, name = ken_2016-09-30, seed = 1, C = 0.01, task = target10k/nontarget20k
2020-10-10 16:18:06,908 : INFO : __main__ : missing trials, name = ken_2016-09-30, seed = 1, C = 1.0, task = hit/miss
2020-10-10 16:18:06,908 : INFO : __main__ : missing trials, name = ken_2016-09-30, seed = 1, C = 1.0, task = hit/correctreject
2020-10-10 16:18:06,908 : INFO : __main__ : missing trials, name = ken_2016-09-30, seed = 1, C = 1.0, task = hit/falsealarm
2020-10-10 16:18:06,908 : INFO : __main__ : missing trials, name = ken_2016-09-30, seed = 1, C = 1.0, task = miss/correctreject
2020-10-10 16:18:06,908 : INFO : __main__ : missing trials, name = ken_2016-09-30, seed = 1, C = 1.0, task = miss/falsealarm
2020-10-10 16:18:06,908 : INFO : __main__ : missing trials, name = ken_2016-09-30, seed = 1, C = 1.0, task = correctreject/falsealarm
2020-10-10 16:18:06,908 : INFO : __main__ : missing trials, name = ken_2016-09-30, seed = 1, C = 1.0, task = target7k/nontarget14k
2020-10-10 16:18:06,909 : INFO : __main__ : missing trials, name = ken_2016-09-30, seed = 1, C = 1.0, task = target7k/nontarget20k
2020-10-10 16:18:06,909 : INFO : __main__ : missing trials, name = ken_2016-09-30, seed = 1, C = 1.0, task = target10k/nontarget14k
2020-10-10 16:18:06,909 : INFO : __main__ : missing trials, name = ken_2016-09-30, seed = 1, C = 1.0, task = target10k/nontarget20k
