2020-10-28 14:53:29,891 : INFO : __main__ : no samples found, name = james_2018-09-20, seed = 1, C = 1e-06, task = hit/falsealarm
2020-10-28 14:53:31,601 : INFO : __main__ : no samples found, name = james_2018-09-20, seed = 1, C = 1e-06, task = miss/falsealarm
2020-10-28 14:53:31,601 : INFO : __main__ : no samples found, name = james_2018-09-20, seed = 1, C = 1e-06, task = correctreject/falsealarm
2020-10-28 14:53:58,221 : INFO : __main__ : no samples found, name = james_2018-09-20, seed = 1, C = 0.0001, task = hit/falsealarm
2020-10-28 14:53:59,952 : INFO : __main__ : no samples found, name = james_2018-09-20, seed = 1, C = 0.0001, task = miss/falsealarm
2020-10-28 14:53:59,952 : INFO : __main__ : no samples found, name = james_2018-09-20, seed = 1, C = 0.0001, task = correctreject/falsealarm
2020-10-28 14:58:29,539 : INFO : __main__ : no samples found, name = ken_2016-08-18, seed = 1, C = 1e-06, task = hit/miss
2020-10-28 14:58:32,138 : INFO : __main__ : no samples found, name = ken_2016-08-18, seed = 1, C = 1e-06, task = miss/correctreject
2020-10-28 14:58:32,139 : INFO : __main__ : no samples found, name = ken_2016-08-18, seed = 1, C = 1e-06, task = miss/falsealarm
2020-10-28 14:58:39,245 : INFO : __main__ : no samples found, name = ken_2016-08-18, seed = 1, C = 0.0001, task = hit/miss
2020-10-28 14:58:42,320 : INFO : __main__ : no samples found, name = ken_2016-08-18, seed = 1, C = 0.0001, task = miss/correctreject
2020-10-28 14:58:42,320 : INFO : __main__ : no samples found, name = ken_2016-08-18, seed = 1, C = 0.0001, task = miss/falsealarm
2020-10-28 15:18:07,949 : INFO : __main__ : no samples found, name = james_2018-09-20, seed = 1, C = 1e-06, task = hit/falsealarm
2020-10-28 15:18:09,823 : INFO : __main__ : no samples found, name = james_2018-09-20, seed = 1, C = 1e-06, task = miss/falsealarm
2020-10-28 15:18:09,823 : INFO : __main__ : no samples found, name = james_2018-09-20, seed = 1, C = 1e-06, task = correctreject/falsealarm
2020-10-28 15:18:30,392 : INFO : __main__ : no samples found, name = james_2018-09-20, seed = 1, C = 0.0001, task = hit/falsealarm
2020-10-28 15:18:32,254 : INFO : __main__ : no samples found, name = james_2018-09-20, seed = 1, C = 0.0001, task = miss/falsealarm
2020-10-28 15:18:32,254 : INFO : __main__ : no samples found, name = james_2018-09-20, seed = 1, C = 0.0001, task = correctreject/falsealarm
2020-10-28 15:19:15,383 : INFO : __main__ : no samples found, name = james_2018-09-20, seed = 1, C = 1e-06, task = hit/falsealarm
2020-10-28 15:19:17,625 : INFO : __main__ : no samples found, name = james_2018-09-20, seed = 1, C = 1e-06, task = miss/falsealarm
2020-10-28 15:19:17,625 : INFO : __main__ : no samples found, name = james_2018-09-20, seed = 1, C = 1e-06, task = correctreject/falsealarm
2020-10-28 15:19:41,993 : INFO : __main__ : no samples found, name = james_2018-09-20, seed = 1, C = 0.0001, task = hit/falsealarm
2020-10-28 15:19:44,133 : INFO : __main__ : no samples found, name = james_2018-09-20, seed = 1, C = 0.0001, task = miss/falsealarm
2020-10-28 15:19:44,133 : INFO : __main__ : no samples found, name = james_2018-09-20, seed = 1, C = 0.0001, task = correctreject/falsealarm
2020-10-28 15:22:17,770 : INFO : __main__ : no samples found, name = ken_2016-08-18, seed = 1, C = 1e-06, task = hit/miss
2020-10-28 15:22:21,137 : INFO : __main__ : no samples found, name = ken_2016-08-18, seed = 1, C = 1e-06, task = miss/correctreject
2020-10-28 15:22:21,137 : INFO : __main__ : no samples found, name = ken_2016-08-18, seed = 1, C = 1e-06, task = miss/falsealarm
2020-10-28 15:22:44,362 : INFO : __main__ : no samples found, name = ken_2016-08-18, seed = 1, C = 0.0001, task = hit/miss
2020-10-28 15:22:47,981 : INFO : __main__ : no samples found, name = ken_2016-08-18, seed = 1, C = 0.0001, task = miss/correctreject
2020-10-28 15:22:47,981 : INFO : __main__ : no samples found, name = ken_2016-08-18, seed = 1, C = 0.0001, task = miss/falsealarm
2020-10-28 15:23:54,812 : INFO : __main__ : no samples found, name = ken_2016-08-18, seed = 1, C = 1e-06, task = hit/miss
2020-10-28 15:23:58,404 : INFO : __main__ : no samples found, name = ken_2016-08-18, seed = 1, C = 1e-06, task = miss/correctreject
2020-10-28 15:23:58,404 : INFO : __main__ : no samples found, name = ken_2016-08-18, seed = 1, C = 1e-06, task = miss/falsealarm
2020-10-28 15:24:21,674 : INFO : __main__ : no samples found, name = ken_2016-08-18, seed = 1, C = 0.0001, task = hit/miss
2020-10-28 15:24:25,464 : INFO : __main__ : no samples found, name = ken_2016-08-18, seed = 1, C = 0.0001, task = miss/correctreject
2020-10-28 15:24:25,464 : INFO : __main__ : no samples found, name = ken_2016-08-18, seed = 1, C = 0.0001, task = miss/falsealarm
2020-10-28 15:25:42,651 : INFO : __main__ : no samples found, name = james_2018-09-20, seed = 1, C = 1e-06, task = hit/falsealarm
2020-10-28 15:25:44,908 : INFO : __main__ : no samples found, name = james_2018-09-20, seed = 1, C = 1e-06, task = miss/falsealarm
2020-10-28 15:25:44,908 : INFO : __main__ : no samples found, name = james_2018-09-20, seed = 1, C = 1e-06, task = correctreject/falsealarm
2020-10-28 15:26:01,375 : INFO : __main__ : no samples found, name = james_2018-09-20, seed = 1, C = 0.0001, task = hit/falsealarm
2020-10-28 15:26:03,299 : INFO : __main__ : no samples found, name = james_2018-09-20, seed = 1, C = 0.0001, task = miss/falsealarm
2020-10-28 15:26:03,300 : INFO : __main__ : no samples found, name = james_2018-09-20, seed = 1, C = 0.0001, task = correctreject/falsealarm
2020-10-28 15:26:48,333 : INFO : __main__ : no samples found, name = james_2018-09-20, seed = 1, C = 1e-06, task = hit/falsealarm
2020-10-28 15:26:50,918 : INFO : __main__ : no samples found, name = james_2018-09-20, seed = 1, C = 1e-06, task = miss/falsealarm
2020-10-28 15:26:50,918 : INFO : __main__ : no samples found, name = james_2018-09-20, seed = 1, C = 1e-06, task = correctreject/falsealarm
2020-10-28 15:27:15,533 : INFO : __main__ : no samples found, name = james_2018-09-20, seed = 1, C = 1e-06, task = hit/falsealarm
2020-10-28 15:27:17,826 : INFO : __main__ : no samples found, name = james_2018-09-20, seed = 1, C = 1e-06, task = miss/falsealarm
2020-10-28 15:27:17,826 : INFO : __main__ : no samples found, name = james_2018-09-20, seed = 1, C = 1e-06, task = correctreject/falsealarm
2020-10-28 15:27:48,419 : INFO : __main__ : no samples found, name = james_2018-09-20, seed = 1, C = 0.0001, task = hit/falsealarm
2020-10-28 15:27:53,192 : INFO : __main__ : no samples found, name = james_2018-09-20, seed = 1, C = 0.0001, task = miss/falsealarm
2020-10-28 15:27:53,193 : INFO : __main__ : no samples found, name = james_2018-09-20, seed = 1, C = 0.0001, task = correctreject/falsealarm
2020-10-28 15:27:54,130 : INFO : __main__ : no samples found, name = james_2018-09-20, seed = 1, C = 0.0001, task = hit/falsealarm
2020-10-28 15:27:56,833 : INFO : __main__ : no samples found, name = james_2018-09-20, seed = 1, C = 0.0001, task = miss/falsealarm
2020-10-28 15:27:56,833 : INFO : __main__ : no samples found, name = james_2018-09-20, seed = 1, C = 0.0001, task = correctreject/falsealarm
2020-10-28 15:29:21,874 : INFO : __main__ : no samples found, name = james_2018-09-20, seed = 1, C = 1e-06, task = hit/falsealarm
2020-10-28 15:29:24,681 : INFO : __main__ : no samples found, name = james_2018-09-20, seed = 1, C = 1e-06, task = miss/falsealarm
2020-10-28 15:29:24,681 : INFO : __main__ : no samples found, name = james_2018-09-20, seed = 1, C = 1e-06, task = correctreject/falsealarm
2020-10-28 15:30:00,163 : INFO : __main__ : no samples found, name = james_2018-09-20, seed = 1, C = 0.0001, task = hit/falsealarm
2020-10-28 15:30:05,135 : INFO : __main__ : no samples found, name = james_2018-09-20, seed = 1, C = 0.0001, task = miss/falsealarm
2020-10-28 15:30:05,136 : INFO : __main__ : no samples found, name = james_2018-09-20, seed = 1, C = 0.0001, task = correctreject/falsealarm
2020-10-28 15:30:52,950 : INFO : __main__ : no samples found, name = ken_2016-08-18, seed = 1, C = 1e-06, task = hit/miss
2020-10-28 15:30:56,455 : INFO : __main__ : no samples found, name = ken_2016-08-18, seed = 1, C = 1e-06, task = miss/correctreject
2020-10-28 15:30:56,456 : INFO : __main__ : no samples found, name = ken_2016-08-18, seed = 1, C = 1e-06, task = miss/falsealarm
2020-10-28 15:31:13,104 : INFO : __main__ : no samples found, name = ken_2016-08-18, seed = 1, C = 0.0001, task = hit/miss
2020-10-28 15:31:16,836 : INFO : __main__ : no samples found, name = ken_2016-08-18, seed = 1, C = 0.0001, task = miss/correctreject
2020-10-28 15:31:16,836 : INFO : __main__ : no samples found, name = ken_2016-08-18, seed = 1, C = 0.0001, task = miss/falsealarm
2020-10-28 15:33:29,706 : INFO : __main__ : no samples found, name = ken_2016-08-18, seed = 1, C = 1e-06, task = hit/miss
2020-10-28 15:33:34,158 : INFO : __main__ : no samples found, name = ken_2016-08-18, seed = 1, C = 1e-06, task = miss/correctreject
2020-10-28 15:33:34,158 : INFO : __main__ : no samples found, name = ken_2016-08-18, seed = 1, C = 1e-06, task = miss/falsealarm
2020-10-28 15:33:53,564 : INFO : __main__ : no samples found, name = ken_2016-08-18, seed = 1, C = 1e-06, task = hit/miss
2020-10-28 15:33:58,186 : INFO : __main__ : no samples found, name = ken_2016-08-18, seed = 1, C = 1e-06, task = miss/correctreject
2020-10-28 15:33:58,186 : INFO : __main__ : no samples found, name = ken_2016-08-18, seed = 1, C = 1e-06, task = miss/falsealarm
2020-10-28 15:34:36,521 : INFO : __main__ : no samples found, name = ken_2016-08-18, seed = 1, C = 0.0001, task = hit/miss
2020-10-28 15:34:41,145 : INFO : __main__ : no samples found, name = ken_2016-08-18, seed = 1, C = 0.0001, task = miss/correctreject
2020-10-28 15:34:41,145 : INFO : __main__ : no samples found, name = ken_2016-08-18, seed = 1, C = 0.0001, task = miss/falsealarm
2020-10-28 15:34:58,894 : INFO : __main__ : no samples found, name = ken_2016-08-18, seed = 1, C = 0.0001, task = hit/miss
2020-10-28 15:35:05,188 : INFO : __main__ : no samples found, name = ken_2016-08-18, seed = 1, C = 0.0001, task = miss/correctreject
2020-10-28 15:35:05,189 : INFO : __main__ : no samples found, name = ken_2016-08-18, seed = 1, C = 0.0001, task = miss/falsealarm
2020-10-28 15:36:19,899 : INFO : __main__ : no samples found, name = ken_2016-08-18, seed = 1, C = 1e-06, task = hit/miss
2020-10-28 15:36:24,667 : INFO : __main__ : no samples found, name = ken_2016-08-18, seed = 1, C = 1e-06, task = miss/correctreject
2020-10-28 15:36:24,667 : INFO : __main__ : no samples found, name = ken_2016-08-18, seed = 1, C = 1e-06, task = miss/falsealarm
2020-10-28 15:37:05,018 : INFO : __main__ : no samples found, name = ken_2016-08-18, seed = 1, C = 0.0001, task = hit/miss
2020-10-28 15:37:10,121 : INFO : __main__ : no samples found, name = ken_2016-08-18, seed = 1, C = 0.0001, task = miss/correctreject
2020-10-28 15:37:10,121 : INFO : __main__ : no samples found, name = ken_2016-08-18, seed = 1, C = 0.0001, task = miss/falsealarm
2020-10-28 23:12:24,790 : INFO : __main__ : no samples found, name = james_2018-09-20, seed = 1, C = 1e-06, task = hit/falsealarm
2020-10-28 23:12:26,511 : INFO : __main__ : no samples found, name = james_2018-09-20, seed = 1, C = 1e-06, task = miss/falsealarm
2020-10-28 23:12:26,511 : INFO : __main__ : no samples found, name = james_2018-09-20, seed = 1, C = 1e-06, task = correctreject/falsealarm
2020-10-28 23:13:25,676 : INFO : __main__ : no samples found, name = james_2018-09-20, seed = 1, C = 0.0001, task = hit/falsealarm
2020-10-28 23:13:27,521 : INFO : __main__ : no samples found, name = james_2018-09-20, seed = 1, C = 0.0001, task = miss/falsealarm
2020-10-28 23:13:27,521 : INFO : __main__ : no samples found, name = james_2018-09-20, seed = 1, C = 0.0001, task = correctreject/falsealarm
2020-10-28 23:16:57,589 : INFO : __main__ : no samples found, name = ken_2016-08-18, seed = 1, C = 1e-06, task = hit/miss
2020-10-28 23:17:00,088 : INFO : __main__ : no samples found, name = ken_2016-08-18, seed = 1, C = 1e-06, task = miss/correctreject
2020-10-28 23:17:00,088 : INFO : __main__ : no samples found, name = ken_2016-08-18, seed = 1, C = 1e-06, task = miss/falsealarm
2020-10-28 23:18:11,649 : INFO : __main__ : no samples found, name = ken_2016-08-18, seed = 1, C = 0.0001, task = hit/miss
2020-10-28 23:18:14,290 : INFO : __main__ : no samples found, name = ken_2016-08-18, seed = 1, C = 0.0001, task = miss/correctreject
2020-10-28 23:18:14,290 : INFO : __main__ : no samples found, name = ken_2016-08-18, seed = 1, C = 0.0001, task = miss/falsealarm
