2020-10-04 18:01:21,129 : INFO : __main__ : no samples found, name = james_2018-09-20, seed = 1, C = 1.0, task = hit/falsealarm
2020-10-04 18:01:21,139 : INFO : __main__ : no samples found, name = james_2018-09-20, seed = 1, C = 1.0, task = miss/falsealarm
2020-10-04 18:01:21,139 : INFO : __main__ : no samples found, name = james_2018-09-20, seed = 1, C = 1.0, task = correctreject/falsealarm
2020-10-04 18:01:21,168 : INFO : __main__ : no samples found, name = james_2018-09-20, seed = 2, C = 1.0, task = hit/falsealarm
2020-10-04 18:01:21,177 : INFO : __main__ : no samples found, name = james_2018-09-20, seed = 2, C = 1.0, task = miss/falsealarm
2020-10-04 18:01:21,177 : INFO : __main__ : no samples found, name = james_2018-09-20, seed = 2, C = 1.0, task = correctreject/falsealarm
2020-10-04 18:01:21,206 : INFO : __main__ : no samples found, name = james_2018-09-20, seed = 4, C = 1.0, task = hit/falsealarm
2020-10-04 18:01:21,216 : INFO : __main__ : no samples found, name = james_2018-09-20, seed = 4, C = 1.0, task = miss/falsealarm
2020-10-04 18:01:21,216 : INFO : __main__ : no samples found, name = james_2018-09-20, seed = 4, C = 1.0, task = correctreject/falsealarm
2020-10-04 18:01:21,245 : INFO : __main__ : no samples found, name = james_2018-09-20, seed = 8, C = 1.0, task = hit/falsealarm
2020-10-04 18:01:21,255 : INFO : __main__ : no samples found, name = james_2018-09-20, seed = 8, C = 1.0, task = miss/falsealarm
2020-10-04 18:01:21,255 : INFO : __main__ : no samples found, name = james_2018-09-20, seed = 8, C = 1.0, task = correctreject/falsealarm
2020-10-04 18:01:21,283 : INFO : __main__ : no samples found, name = james_2018-09-20, seed = 16, C = 1.0, task = hit/falsealarm
2020-10-04 18:01:21,293 : INFO : __main__ : no samples found, name = james_2018-09-20, seed = 16, C = 1.0, task = miss/falsealarm
2020-10-04 18:01:21,293 : INFO : __main__ : no samples found, name = james_2018-09-20, seed = 16, C = 1.0, task = correctreject/falsealarm
2020-10-04 18:01:21,322 : INFO : __main__ : no samples found, name = james_2018-09-20, seed = 32, C = 1.0, task = hit/falsealarm
2020-10-04 18:01:21,332 : INFO : __main__ : no samples found, name = james_2018-09-20, seed = 32, C = 1.0, task = miss/falsealarm
2020-10-04 18:01:21,332 : INFO : __main__ : no samples found, name = james_2018-09-20, seed = 32, C = 1.0, task = correctreject/falsealarm
2020-10-04 18:01:21,361 : INFO : __main__ : no samples found, name = james_2018-09-20, seed = 64, C = 1.0, task = hit/falsealarm
2020-10-04 18:01:21,371 : INFO : __main__ : no samples found, name = james_2018-09-20, seed = 64, C = 1.0, task = miss/falsealarm
2020-10-04 18:01:21,371 : INFO : __main__ : no samples found, name = james_2018-09-20, seed = 64, C = 1.0, task = correctreject/falsealarm
2020-10-04 18:01:21,400 : INFO : __main__ : no samples found, name = james_2018-09-20, seed = 128, C = 1.0, task = hit/falsealarm
2020-10-04 18:01:21,409 : INFO : __main__ : no samples found, name = james_2018-09-20, seed = 128, C = 1.0, task = miss/falsealarm
2020-10-04 18:01:21,409 : INFO : __main__ : no samples found, name = james_2018-09-20, seed = 128, C = 1.0, task = correctreject/falsealarm
2020-10-04 18:01:21,438 : INFO : __main__ : no samples found, name = james_2018-09-20, seed = 256, C = 1.0, task = hit/falsealarm
2020-10-04 18:01:21,448 : INFO : __main__ : no samples found, name = james_2018-09-20, seed = 256, C = 1.0, task = miss/falsealarm
2020-10-04 18:01:21,448 : INFO : __main__ : no samples found, name = james_2018-09-20, seed = 256, C = 1.0, task = correctreject/falsealarm
2020-10-04 18:01:21,478 : INFO : __main__ : no samples found, name = james_2018-09-20, seed = 512, C = 1.0, task = hit/falsealarm
2020-10-04 18:01:21,487 : INFO : __main__ : no samples found, name = james_2018-09-20, seed = 512, C = 1.0, task = miss/falsealarm
2020-10-04 18:01:21,487 : INFO : __main__ : no samples found, name = james_2018-09-20, seed = 512, C = 1.0, task = correctreject/falsealarm
2020-10-04 18:01:23,031 : INFO : __main__ : no samples found, name = ken_2016-08-18, seed = 1, C = 1.0, task = hit/miss
2020-10-04 18:01:23,052 : INFO : __main__ : no samples found, name = ken_2016-08-18, seed = 1, C = 1.0, task = miss/correctreject
2020-10-04 18:01:23,052 : INFO : __main__ : no samples found, name = ken_2016-08-18, seed = 1, C = 1.0, task = miss/falsealarm
2020-10-04 18:01:23,074 : INFO : __main__ : no samples found, name = ken_2016-08-18, seed = 2, C = 1.0, task = hit/miss
2020-10-04 18:01:23,093 : INFO : __main__ : no samples found, name = ken_2016-08-18, seed = 2, C = 1.0, task = miss/correctreject
2020-10-04 18:01:23,093 : INFO : __main__ : no samples found, name = ken_2016-08-18, seed = 2, C = 1.0, task = miss/falsealarm
2020-10-04 18:01:23,119 : INFO : __main__ : no samples found, name = ken_2016-08-18, seed = 4, C = 1.0, task = hit/miss
2020-10-04 18:01:23,138 : INFO : __main__ : no samples found, name = ken_2016-08-18, seed = 4, C = 1.0, task = miss/correctreject
2020-10-04 18:01:23,138 : INFO : __main__ : no samples found, name = ken_2016-08-18, seed = 4, C = 1.0, task = miss/falsealarm
2020-10-04 18:01:23,160 : INFO : __main__ : no samples found, name = ken_2016-08-18, seed = 8, C = 1.0, task = hit/miss
2020-10-04 18:01:23,180 : INFO : __main__ : no samples found, name = ken_2016-08-18, seed = 8, C = 1.0, task = miss/correctreject
2020-10-04 18:01:23,180 : INFO : __main__ : no samples found, name = ken_2016-08-18, seed = 8, C = 1.0, task = miss/falsealarm
2020-10-04 18:01:23,202 : INFO : __main__ : no samples found, name = ken_2016-08-18, seed = 16, C = 1.0, task = hit/miss
2020-10-04 18:01:23,221 : INFO : __main__ : no samples found, name = ken_2016-08-18, seed = 16, C = 1.0, task = miss/correctreject
2020-10-04 18:01:23,221 : INFO : __main__ : no samples found, name = ken_2016-08-18, seed = 16, C = 1.0, task = miss/falsealarm
2020-10-04 18:01:23,243 : INFO : __main__ : no samples found, name = ken_2016-08-18, seed = 32, C = 1.0, task = hit/miss
2020-10-04 18:01:23,263 : INFO : __main__ : no samples found, name = ken_2016-08-18, seed = 32, C = 1.0, task = miss/correctreject
2020-10-04 18:01:23,263 : INFO : __main__ : no samples found, name = ken_2016-08-18, seed = 32, C = 1.0, task = miss/falsealarm
2020-10-04 18:01:23,284 : INFO : __main__ : no samples found, name = ken_2016-08-18, seed = 64, C = 1.0, task = hit/miss
2020-10-04 18:01:23,303 : INFO : __main__ : no samples found, name = ken_2016-08-18, seed = 64, C = 1.0, task = miss/correctreject
2020-10-04 18:01:23,304 : INFO : __main__ : no samples found, name = ken_2016-08-18, seed = 64, C = 1.0, task = miss/falsealarm
2020-10-04 18:01:23,326 : INFO : __main__ : no samples found, name = ken_2016-08-18, seed = 128, C = 1.0, task = hit/miss
2020-10-04 18:01:23,345 : INFO : __main__ : no samples found, name = ken_2016-08-18, seed = 128, C = 1.0, task = miss/correctreject
2020-10-04 18:01:23,345 : INFO : __main__ : no samples found, name = ken_2016-08-18, seed = 128, C = 1.0, task = miss/falsealarm
2020-10-04 18:01:23,367 : INFO : __main__ : no samples found, name = ken_2016-08-18, seed = 256, C = 1.0, task = hit/miss
2020-10-04 18:01:23,386 : INFO : __main__ : no samples found, name = ken_2016-08-18, seed = 256, C = 1.0, task = miss/correctreject
2020-10-04 18:01:23,386 : INFO : __main__ : no samples found, name = ken_2016-08-18, seed = 256, C = 1.0, task = miss/falsealarm
2020-10-04 18:01:23,408 : INFO : __main__ : no samples found, name = ken_2016-08-18, seed = 512, C = 1.0, task = hit/miss
2020-10-04 18:01:23,427 : INFO : __main__ : no samples found, name = ken_2016-08-18, seed = 512, C = 1.0, task = miss/correctreject
2020-10-04 18:01:23,427 : INFO : __main__ : no samples found, name = ken_2016-08-18, seed = 512, C = 1.0, task = miss/falsealarm
2020-10-04 18:01:30,172 : INFO : __main__ : missing trials, name = ken_2016-09-30, seed = 1, C = 1.0, task = hit/miss
2020-10-04 18:01:30,172 : INFO : __main__ : missing trials, name = ken_2016-09-30, seed = 1, C = 1.0, task = hit/correctreject
2020-10-04 18:01:30,172 : INFO : __main__ : missing trials, name = ken_2016-09-30, seed = 1, C = 1.0, task = hit/falsealarm
2020-10-04 18:01:30,172 : INFO : __main__ : missing trials, name = ken_2016-09-30, seed = 1, C = 1.0, task = miss/correctreject
2020-10-04 18:01:30,172 : INFO : __main__ : missing trials, name = ken_2016-09-30, seed = 1, C = 1.0, task = miss/falsealarm
2020-10-04 18:01:30,172 : INFO : __main__ : missing trials, name = ken_2016-09-30, seed = 1, C = 1.0, task = correctreject/falsealarm
2020-10-04 18:01:30,172 : INFO : __main__ : missing trials, name = ken_2016-09-30, seed = 1, C = 1.0, task = target/nontarget
2020-10-04 18:01:30,173 : INFO : __main__ : missing trials, name = ken_2016-09-30, seed = 2, C = 1.0, task = hit/miss
2020-10-04 18:01:30,173 : INFO : __main__ : missing trials, name = ken_2016-09-30, seed = 2, C = 1.0, task = hit/correctreject
2020-10-04 18:01:30,173 : INFO : __main__ : missing trials, name = ken_2016-09-30, seed = 2, C = 1.0, task = hit/falsealarm
2020-10-04 18:01:30,173 : INFO : __main__ : missing trials, name = ken_2016-09-30, seed = 2, C = 1.0, task = miss/correctreject
2020-10-04 18:01:30,173 : INFO : __main__ : missing trials, name = ken_2016-09-30, seed = 2, C = 1.0, task = miss/falsealarm
2020-10-04 18:01:30,173 : INFO : __main__ : missing trials, name = ken_2016-09-30, seed = 2, C = 1.0, task = correctreject/falsealarm
2020-10-04 18:01:30,173 : INFO : __main__ : missing trials, name = ken_2016-09-30, seed = 2, C = 1.0, task = target/nontarget
2020-10-04 18:01:30,173 : INFO : __main__ : missing trials, name = ken_2016-09-30, seed = 4, C = 1.0, task = hit/miss
2020-10-04 18:01:30,173 : INFO : __main__ : missing trials, name = ken_2016-09-30, seed = 4, C = 1.0, task = hit/correctreject
2020-10-04 18:01:30,173 : INFO : __main__ : missing trials, name = ken_2016-09-30, seed = 4, C = 1.0, task = hit/falsealarm
2020-10-04 18:01:30,173 : INFO : __main__ : missing trials, name = ken_2016-09-30, seed = 4, C = 1.0, task = miss/correctreject
2020-10-04 18:01:30,173 : INFO : __main__ : missing trials, name = ken_2016-09-30, seed = 4, C = 1.0, task = miss/falsealarm
2020-10-04 18:01:30,173 : INFO : __main__ : missing trials, name = ken_2016-09-30, seed = 4, C = 1.0, task = correctreject/falsealarm
2020-10-04 18:01:30,173 : INFO : __main__ : missing trials, name = ken_2016-09-30, seed = 4, C = 1.0, task = target/nontarget
2020-10-04 18:01:30,173 : INFO : __main__ : missing trials, name = ken_2016-09-30, seed = 8, C = 1.0, task = hit/miss
2020-10-04 18:01:30,174 : INFO : __main__ : missing trials, name = ken_2016-09-30, seed = 8, C = 1.0, task = hit/correctreject
2020-10-04 18:01:30,174 : INFO : __main__ : missing trials, name = ken_2016-09-30, seed = 8, C = 1.0, task = hit/falsealarm
2020-10-04 18:01:30,174 : INFO : __main__ : missing trials, name = ken_2016-09-30, seed = 8, C = 1.0, task = miss/correctreject
2020-10-04 18:01:30,174 : INFO : __main__ : missing trials, name = ken_2016-09-30, seed = 8, C = 1.0, task = miss/falsealarm
2020-10-04 18:01:30,174 : INFO : __main__ : missing trials, name = ken_2016-09-30, seed = 8, C = 1.0, task = correctreject/falsealarm
2020-10-04 18:01:30,174 : INFO : __main__ : missing trials, name = ken_2016-09-30, seed = 8, C = 1.0, task = target/nontarget
2020-10-04 18:01:30,174 : INFO : __main__ : missing trials, name = ken_2016-09-30, seed = 16, C = 1.0, task = hit/miss
2020-10-04 18:01:30,174 : INFO : __main__ : missing trials, name = ken_2016-09-30, seed = 16, C = 1.0, task = hit/correctreject
2020-10-04 18:01:30,174 : INFO : __main__ : missing trials, name = ken_2016-09-30, seed = 16, C = 1.0, task = hit/falsealarm
2020-10-04 18:01:30,174 : INFO : __main__ : missing trials, name = ken_2016-09-30, seed = 16, C = 1.0, task = miss/correctreject
2020-10-04 18:01:30,174 : INFO : __main__ : missing trials, name = ken_2016-09-30, seed = 16, C = 1.0, task = miss/falsealarm
2020-10-04 18:01:30,174 : INFO : __main__ : missing trials, name = ken_2016-09-30, seed = 16, C = 1.0, task = correctreject/falsealarm
2020-10-04 18:01:30,174 : INFO : __main__ : missing trials, name = ken_2016-09-30, seed = 16, C = 1.0, task = target/nontarget
2020-10-04 18:01:30,174 : INFO : __main__ : missing trials, name = ken_2016-09-30, seed = 32, C = 1.0, task = hit/miss
2020-10-04 18:01:30,175 : INFO : __main__ : missing trials, name = ken_2016-09-30, seed = 32, C = 1.0, task = hit/correctreject
2020-10-04 18:01:30,175 : INFO : __main__ : missing trials, name = ken_2016-09-30, seed = 32, C = 1.0, task = hit/falsealarm
2020-10-04 18:01:30,175 : INFO : __main__ : missing trials, name = ken_2016-09-30, seed = 32, C = 1.0, task = miss/correctreject
2020-10-04 18:01:30,175 : INFO : __main__ : missing trials, name = ken_2016-09-30, seed = 32, C = 1.0, task = miss/falsealarm
2020-10-04 18:01:30,175 : INFO : __main__ : missing trials, name = ken_2016-09-30, seed = 32, C = 1.0, task = correctreject/falsealarm
2020-10-04 18:01:30,175 : INFO : __main__ : missing trials, name = ken_2016-09-30, seed = 32, C = 1.0, task = target/nontarget
2020-10-04 18:01:30,175 : INFO : __main__ : missing trials, name = ken_2016-09-30, seed = 64, C = 1.0, task = hit/miss
2020-10-04 18:01:30,175 : INFO : __main__ : missing trials, name = ken_2016-09-30, seed = 64, C = 1.0, task = hit/correctreject
2020-10-04 18:01:30,175 : INFO : __main__ : missing trials, name = ken_2016-09-30, seed = 64, C = 1.0, task = hit/falsealarm
2020-10-04 18:01:30,175 : INFO : __main__ : missing trials, name = ken_2016-09-30, seed = 64, C = 1.0, task = miss/correctreject
2020-10-04 18:01:30,175 : INFO : __main__ : missing trials, name = ken_2016-09-30, seed = 64, C = 1.0, task = miss/falsealarm
2020-10-04 18:01:30,175 : INFO : __main__ : missing trials, name = ken_2016-09-30, seed = 64, C = 1.0, task = correctreject/falsealarm
2020-10-04 18:01:30,175 : INFO : __main__ : missing trials, name = ken_2016-09-30, seed = 64, C = 1.0, task = target/nontarget
2020-10-04 18:01:30,175 : INFO : __main__ : missing trials, name = ken_2016-09-30, seed = 128, C = 1.0, task = hit/miss
2020-10-04 18:01:30,175 : INFO : __main__ : missing trials, name = ken_2016-09-30, seed = 128, C = 1.0, task = hit/correctreject
2020-10-04 18:01:30,175 : INFO : __main__ : missing trials, name = ken_2016-09-30, seed = 128, C = 1.0, task = hit/falsealarm
2020-10-04 18:01:30,175 : INFO : __main__ : missing trials, name = ken_2016-09-30, seed = 128, C = 1.0, task = miss/correctreject
2020-10-04 18:01:30,176 : INFO : __main__ : missing trials, name = ken_2016-09-30, seed = 128, C = 1.0, task = miss/falsealarm
2020-10-04 18:01:30,176 : INFO : __main__ : missing trials, name = ken_2016-09-30, seed = 128, C = 1.0, task = correctreject/falsealarm
2020-10-04 18:01:30,176 : INFO : __main__ : missing trials, name = ken_2016-09-30, seed = 128, C = 1.0, task = target/nontarget
2020-10-04 18:01:30,176 : INFO : __main__ : missing trials, name = ken_2016-09-30, seed = 256, C = 1.0, task = hit/miss
2020-10-04 18:01:30,176 : INFO : __main__ : missing trials, name = ken_2016-09-30, seed = 256, C = 1.0, task = hit/correctreject
2020-10-04 18:01:30,176 : INFO : __main__ : missing trials, name = ken_2016-09-30, seed = 256, C = 1.0, task = hit/falsealarm
2020-10-04 18:01:30,176 : INFO : __main__ : missing trials, name = ken_2016-09-30, seed = 256, C = 1.0, task = miss/correctreject
2020-10-04 18:01:30,176 : INFO : __main__ : missing trials, name = ken_2016-09-30, seed = 256, C = 1.0, task = miss/falsealarm
2020-10-04 18:01:30,176 : INFO : __main__ : missing trials, name = ken_2016-09-30, seed = 256, C = 1.0, task = correctreject/falsealarm
2020-10-04 18:01:30,176 : INFO : __main__ : missing trials, name = ken_2016-09-30, seed = 256, C = 1.0, task = target/nontarget
2020-10-04 18:01:30,176 : INFO : __main__ : missing trials, name = ken_2016-09-30, seed = 512, C = 1.0, task = hit/miss
2020-10-04 18:01:30,176 : INFO : __main__ : missing trials, name = ken_2016-09-30, seed = 512, C = 1.0, task = hit/correctreject
2020-10-04 18:01:30,176 : INFO : __main__ : missing trials, name = ken_2016-09-30, seed = 512, C = 1.0, task = hit/falsealarm
2020-10-04 18:01:30,176 : INFO : __main__ : missing trials, name = ken_2016-09-30, seed = 512, C = 1.0, task = miss/correctreject
2020-10-04 18:01:30,176 : INFO : __main__ : missing trials, name = ken_2016-09-30, seed = 512, C = 1.0, task = miss/falsealarm
2020-10-04 18:01:30,176 : INFO : __main__ : missing trials, name = ken_2016-09-30, seed = 512, C = 1.0, task = correctreject/falsealarm
2020-10-04 18:01:30,176 : INFO : __main__ : missing trials, name = ken_2016-09-30, seed = 512, C = 1.0, task = target/nontarget
