2020-10-04 17:08:26,655 : INFO : __main__ : no samples found, name = james_2018-09-20, seed = 1, C = 1.0, task = hit/falsealarm
2020-10-04 17:08:26,882 : INFO : __main__ : no samples found, name = james_2018-09-20, seed = 1, C = 1.0, task = miss/falsealarm
2020-10-04 17:08:26,882 : INFO : __main__ : no samples found, name = james_2018-09-20, seed = 1, C = 1.0, task = correctreject/falsealarm
2020-10-04 17:08:27,590 : INFO : __main__ : no samples found, name = james_2018-09-20, seed = 2, C = 1.0, task = hit/falsealarm
2020-10-04 17:08:27,821 : INFO : __main__ : no samples found, name = james_2018-09-20, seed = 2, C = 1.0, task = miss/falsealarm
2020-10-04 17:08:27,821 : INFO : __main__ : no samples found, name = james_2018-09-20, seed = 2, C = 1.0, task = correctreject/falsealarm
2020-10-04 17:08:28,527 : INFO : __main__ : no samples found, name = james_2018-09-20, seed = 4, C = 1.0, task = hit/falsealarm
2020-10-04 17:08:28,760 : INFO : __main__ : no samples found, name = james_2018-09-20, seed = 4, C = 1.0, task = miss/falsealarm
2020-10-04 17:08:28,760 : INFO : __main__ : no samples found, name = james_2018-09-20, seed = 4, C = 1.0, task = correctreject/falsealarm
2020-10-04 17:08:29,466 : INFO : __main__ : no samples found, name = james_2018-09-20, seed = 8, C = 1.0, task = hit/falsealarm
2020-10-04 17:08:29,704 : INFO : __main__ : no samples found, name = james_2018-09-20, seed = 8, C = 1.0, task = miss/falsealarm
2020-10-04 17:08:29,704 : INFO : __main__ : no samples found, name = james_2018-09-20, seed = 8, C = 1.0, task = correctreject/falsealarm
2020-10-04 17:08:30,406 : INFO : __main__ : no samples found, name = james_2018-09-20, seed = 16, C = 1.0, task = hit/falsealarm
2020-10-04 17:08:30,638 : INFO : __main__ : no samples found, name = james_2018-09-20, seed = 16, C = 1.0, task = miss/falsealarm
2020-10-04 17:08:30,638 : INFO : __main__ : no samples found, name = james_2018-09-20, seed = 16, C = 1.0, task = correctreject/falsealarm
2020-10-04 17:08:31,342 : INFO : __main__ : no samples found, name = james_2018-09-20, seed = 32, C = 1.0, task = hit/falsealarm
2020-10-04 17:08:31,576 : INFO : __main__ : no samples found, name = james_2018-09-20, seed = 32, C = 1.0, task = miss/falsealarm
2020-10-04 17:08:31,576 : INFO : __main__ : no samples found, name = james_2018-09-20, seed = 32, C = 1.0, task = correctreject/falsealarm
2020-10-04 17:08:32,283 : INFO : __main__ : no samples found, name = james_2018-09-20, seed = 64, C = 1.0, task = hit/falsealarm
2020-10-04 17:08:32,521 : INFO : __main__ : no samples found, name = james_2018-09-20, seed = 64, C = 1.0, task = miss/falsealarm
2020-10-04 17:08:32,521 : INFO : __main__ : no samples found, name = james_2018-09-20, seed = 64, C = 1.0, task = correctreject/falsealarm
2020-10-04 17:08:33,227 : INFO : __main__ : no samples found, name = james_2018-09-20, seed = 128, C = 1.0, task = hit/falsealarm
2020-10-04 17:08:33,457 : INFO : __main__ : no samples found, name = james_2018-09-20, seed = 128, C = 1.0, task = miss/falsealarm
2020-10-04 17:08:33,458 : INFO : __main__ : no samples found, name = james_2018-09-20, seed = 128, C = 1.0, task = correctreject/falsealarm
2020-10-04 17:08:34,162 : INFO : __main__ : no samples found, name = james_2018-09-20, seed = 256, C = 1.0, task = hit/falsealarm
2020-10-04 17:08:34,380 : INFO : __main__ : no samples found, name = james_2018-09-20, seed = 256, C = 1.0, task = miss/falsealarm
2020-10-04 17:08:34,380 : INFO : __main__ : no samples found, name = james_2018-09-20, seed = 256, C = 1.0, task = correctreject/falsealarm
2020-10-04 17:08:35,075 : INFO : __main__ : no samples found, name = james_2018-09-20, seed = 512, C = 1.0, task = hit/falsealarm
2020-10-04 17:08:35,304 : INFO : __main__ : no samples found, name = james_2018-09-20, seed = 512, C = 1.0, task = miss/falsealarm
2020-10-04 17:08:35,304 : INFO : __main__ : no samples found, name = james_2018-09-20, seed = 512, C = 1.0, task = correctreject/falsealarm
2020-10-04 17:09:14,241 : INFO : __main__ : no samples found, name = ken_2016-08-18, seed = 1, C = 1.0, task = hit/miss
2020-10-04 17:09:14,712 : INFO : __main__ : no samples found, name = ken_2016-08-18, seed = 1, C = 1.0, task = miss/correctreject
2020-10-04 17:09:14,712 : INFO : __main__ : no samples found, name = ken_2016-08-18, seed = 1, C = 1.0, task = miss/falsealarm
2020-10-04 17:09:15,237 : INFO : __main__ : no samples found, name = ken_2016-08-18, seed = 2, C = 1.0, task = hit/miss
2020-10-04 17:09:15,698 : INFO : __main__ : no samples found, name = ken_2016-08-18, seed = 2, C = 1.0, task = miss/correctreject
2020-10-04 17:09:15,698 : INFO : __main__ : no samples found, name = ken_2016-08-18, seed = 2, C = 1.0, task = miss/falsealarm
2020-10-04 17:09:16,226 : INFO : __main__ : no samples found, name = ken_2016-08-18, seed = 4, C = 1.0, task = hit/miss
2020-10-04 17:09:16,698 : INFO : __main__ : no samples found, name = ken_2016-08-18, seed = 4, C = 1.0, task = miss/correctreject
2020-10-04 17:09:16,698 : INFO : __main__ : no samples found, name = ken_2016-08-18, seed = 4, C = 1.0, task = miss/falsealarm
2020-10-04 17:09:17,227 : INFO : __main__ : no samples found, name = ken_2016-08-18, seed = 8, C = 1.0, task = hit/miss
2020-10-04 17:09:17,787 : INFO : __main__ : no samples found, name = ken_2016-08-18, seed = 8, C = 1.0, task = miss/correctreject
2020-10-04 17:09:17,787 : INFO : __main__ : no samples found, name = ken_2016-08-18, seed = 8, C = 1.0, task = miss/falsealarm
2020-10-04 17:09:18,403 : INFO : __main__ : no samples found, name = ken_2016-08-18, seed = 16, C = 1.0, task = hit/miss
2020-10-04 17:09:18,940 : INFO : __main__ : no samples found, name = ken_2016-08-18, seed = 16, C = 1.0, task = miss/correctreject
2020-10-04 17:09:18,940 : INFO : __main__ : no samples found, name = ken_2016-08-18, seed = 16, C = 1.0, task = miss/falsealarm
2020-10-04 17:09:19,557 : INFO : __main__ : no samples found, name = ken_2016-08-18, seed = 32, C = 1.0, task = hit/miss
2020-10-04 17:09:20,101 : INFO : __main__ : no samples found, name = ken_2016-08-18, seed = 32, C = 1.0, task = miss/correctreject
2020-10-04 17:09:20,101 : INFO : __main__ : no samples found, name = ken_2016-08-18, seed = 32, C = 1.0, task = miss/falsealarm
2020-10-04 17:09:20,677 : INFO : __main__ : no samples found, name = ken_2016-08-18, seed = 64, C = 1.0, task = hit/miss
2020-10-04 17:09:21,136 : INFO : __main__ : no samples found, name = ken_2016-08-18, seed = 64, C = 1.0, task = miss/correctreject
2020-10-04 17:09:21,136 : INFO : __main__ : no samples found, name = ken_2016-08-18, seed = 64, C = 1.0, task = miss/falsealarm
2020-10-04 17:09:21,749 : INFO : __main__ : no samples found, name = ken_2016-08-18, seed = 128, C = 1.0, task = hit/miss
2020-10-04 17:09:22,245 : INFO : __main__ : no samples found, name = ken_2016-08-18, seed = 128, C = 1.0, task = miss/correctreject
2020-10-04 17:09:22,245 : INFO : __main__ : no samples found, name = ken_2016-08-18, seed = 128, C = 1.0, task = miss/falsealarm
2020-10-04 17:09:22,770 : INFO : __main__ : no samples found, name = ken_2016-08-18, seed = 256, C = 1.0, task = hit/miss
2020-10-04 17:09:23,227 : INFO : __main__ : no samples found, name = ken_2016-08-18, seed = 256, C = 1.0, task = miss/correctreject
2020-10-04 17:09:23,228 : INFO : __main__ : no samples found, name = ken_2016-08-18, seed = 256, C = 1.0, task = miss/falsealarm
2020-10-04 17:09:23,757 : INFO : __main__ : no samples found, name = ken_2016-08-18, seed = 512, C = 1.0, task = hit/miss
2020-10-04 17:09:24,215 : INFO : __main__ : no samples found, name = ken_2016-08-18, seed = 512, C = 1.0, task = miss/correctreject
2020-10-04 17:09:24,215 : INFO : __main__ : no samples found, name = ken_2016-08-18, seed = 512, C = 1.0, task = miss/falsealarm
2020-10-04 17:12:08,224 : INFO : __main__ : missing trials, name = ken_2016-09-30, seed = 1, C = 1.0, task = hit/miss
2020-10-04 17:12:08,224 : INFO : __main__ : missing trials, name = ken_2016-09-30, seed = 1, C = 1.0, task = hit/correctreject
2020-10-04 17:12:08,224 : INFO : __main__ : missing trials, name = ken_2016-09-30, seed = 1, C = 1.0, task = hit/falsealarm
2020-10-04 17:12:08,224 : INFO : __main__ : missing trials, name = ken_2016-09-30, seed = 1, C = 1.0, task = miss/correctreject
2020-10-04 17:12:08,225 : INFO : __main__ : missing trials, name = ken_2016-09-30, seed = 1, C = 1.0, task = miss/falsealarm
2020-10-04 17:12:08,225 : INFO : __main__ : missing trials, name = ken_2016-09-30, seed = 1, C = 1.0, task = correctreject/falsealarm
2020-10-04 17:12:08,225 : INFO : __main__ : missing trials, name = ken_2016-09-30, seed = 1, C = 1.0, task = target/nontarget
2020-10-04 17:12:08,225 : INFO : __main__ : missing trials, name = ken_2016-09-30, seed = 2, C = 1.0, task = hit/miss
2020-10-04 17:12:08,225 : INFO : __main__ : missing trials, name = ken_2016-09-30, seed = 2, C = 1.0, task = hit/correctreject
2020-10-04 17:12:08,225 : INFO : __main__ : missing trials, name = ken_2016-09-30, seed = 2, C = 1.0, task = hit/falsealarm
2020-10-04 17:12:08,225 : INFO : __main__ : missing trials, name = ken_2016-09-30, seed = 2, C = 1.0, task = miss/correctreject
2020-10-04 17:12:08,225 : INFO : __main__ : missing trials, name = ken_2016-09-30, seed = 2, C = 1.0, task = miss/falsealarm
2020-10-04 17:12:08,226 : INFO : __main__ : missing trials, name = ken_2016-09-30, seed = 2, C = 1.0, task = correctreject/falsealarm
2020-10-04 17:12:08,226 : INFO : __main__ : missing trials, name = ken_2016-09-30, seed = 2, C = 1.0, task = target/nontarget
2020-10-04 17:12:08,226 : INFO : __main__ : missing trials, name = ken_2016-09-30, seed = 4, C = 1.0, task = hit/miss
2020-10-04 17:12:08,226 : INFO : __main__ : missing trials, name = ken_2016-09-30, seed = 4, C = 1.0, task = hit/correctreject
2020-10-04 17:12:08,226 : INFO : __main__ : missing trials, name = ken_2016-09-30, seed = 4, C = 1.0, task = hit/falsealarm
2020-10-04 17:12:08,226 : INFO : __main__ : missing trials, name = ken_2016-09-30, seed = 4, C = 1.0, task = miss/correctreject
2020-10-04 17:12:08,226 : INFO : __main__ : missing trials, name = ken_2016-09-30, seed = 4, C = 1.0, task = miss/falsealarm
2020-10-04 17:12:08,227 : INFO : __main__ : missing trials, name = ken_2016-09-30, seed = 4, C = 1.0, task = correctreject/falsealarm
2020-10-04 17:12:08,227 : INFO : __main__ : missing trials, name = ken_2016-09-30, seed = 4, C = 1.0, task = target/nontarget
2020-10-04 17:12:08,227 : INFO : __main__ : missing trials, name = ken_2016-09-30, seed = 8, C = 1.0, task = hit/miss
2020-10-04 17:12:08,227 : INFO : __main__ : missing trials, name = ken_2016-09-30, seed = 8, C = 1.0, task = hit/correctreject
2020-10-04 17:12:08,227 : INFO : __main__ : missing trials, name = ken_2016-09-30, seed = 8, C = 1.0, task = hit/falsealarm
2020-10-04 17:12:08,227 : INFO : __main__ : missing trials, name = ken_2016-09-30, seed = 8, C = 1.0, task = miss/correctreject
2020-10-04 17:12:08,228 : INFO : __main__ : missing trials, name = ken_2016-09-30, seed = 8, C = 1.0, task = miss/falsealarm
2020-10-04 17:12:08,228 : INFO : __main__ : missing trials, name = ken_2016-09-30, seed = 8, C = 1.0, task = correctreject/falsealarm
2020-10-04 17:12:08,228 : INFO : __main__ : missing trials, name = ken_2016-09-30, seed = 8, C = 1.0, task = target/nontarget
2020-10-04 17:12:08,228 : INFO : __main__ : missing trials, name = ken_2016-09-30, seed = 16, C = 1.0, task = hit/miss
2020-10-04 17:12:08,228 : INFO : __main__ : missing trials, name = ken_2016-09-30, seed = 16, C = 1.0, task = hit/correctreject
2020-10-04 17:12:08,228 : INFO : __main__ : missing trials, name = ken_2016-09-30, seed = 16, C = 1.0, task = hit/falsealarm
2020-10-04 17:12:08,229 : INFO : __main__ : missing trials, name = ken_2016-09-30, seed = 16, C = 1.0, task = miss/correctreject
2020-10-04 17:12:08,229 : INFO : __main__ : missing trials, name = ken_2016-09-30, seed = 16, C = 1.0, task = miss/falsealarm
2020-10-04 17:12:08,229 : INFO : __main__ : missing trials, name = ken_2016-09-30, seed = 16, C = 1.0, task = correctreject/falsealarm
2020-10-04 17:12:08,229 : INFO : __main__ : missing trials, name = ken_2016-09-30, seed = 16, C = 1.0, task = target/nontarget
2020-10-04 17:12:08,229 : INFO : __main__ : missing trials, name = ken_2016-09-30, seed = 32, C = 1.0, task = hit/miss
2020-10-04 17:12:08,229 : INFO : __main__ : missing trials, name = ken_2016-09-30, seed = 32, C = 1.0, task = hit/correctreject
2020-10-04 17:12:08,230 : INFO : __main__ : missing trials, name = ken_2016-09-30, seed = 32, C = 1.0, task = hit/falsealarm
2020-10-04 17:12:08,230 : INFO : __main__ : missing trials, name = ken_2016-09-30, seed = 32, C = 1.0, task = miss/correctreject
2020-10-04 17:12:08,230 : INFO : __main__ : missing trials, name = ken_2016-09-30, seed = 32, C = 1.0, task = miss/falsealarm
2020-10-04 17:12:08,230 : INFO : __main__ : missing trials, name = ken_2016-09-30, seed = 32, C = 1.0, task = correctreject/falsealarm
2020-10-04 17:12:08,230 : INFO : __main__ : missing trials, name = ken_2016-09-30, seed = 32, C = 1.0, task = target/nontarget
2020-10-04 17:12:08,230 : INFO : __main__ : missing trials, name = ken_2016-09-30, seed = 64, C = 1.0, task = hit/miss
2020-10-04 17:12:08,230 : INFO : __main__ : missing trials, name = ken_2016-09-30, seed = 64, C = 1.0, task = hit/correctreject
2020-10-04 17:12:08,230 : INFO : __main__ : missing trials, name = ken_2016-09-30, seed = 64, C = 1.0, task = hit/falsealarm
2020-10-04 17:12:08,231 : INFO : __main__ : missing trials, name = ken_2016-09-30, seed = 64, C = 1.0, task = miss/correctreject
2020-10-04 17:12:08,231 : INFO : __main__ : missing trials, name = ken_2016-09-30, seed = 64, C = 1.0, task = miss/falsealarm
2020-10-04 17:12:08,231 : INFO : __main__ : missing trials, name = ken_2016-09-30, seed = 64, C = 1.0, task = correctreject/falsealarm
2020-10-04 17:12:08,231 : INFO : __main__ : missing trials, name = ken_2016-09-30, seed = 64, C = 1.0, task = target/nontarget
2020-10-04 17:12:08,231 : INFO : __main__ : missing trials, name = ken_2016-09-30, seed = 128, C = 1.0, task = hit/miss
2020-10-04 17:12:08,231 : INFO : __main__ : missing trials, name = ken_2016-09-30, seed = 128, C = 1.0, task = hit/correctreject
2020-10-04 17:12:08,232 : INFO : __main__ : missing trials, name = ken_2016-09-30, seed = 128, C = 1.0, task = hit/falsealarm
2020-10-04 17:12:08,232 : INFO : __main__ : missing trials, name = ken_2016-09-30, seed = 128, C = 1.0, task = miss/correctreject
2020-10-04 17:12:08,232 : INFO : __main__ : missing trials, name = ken_2016-09-30, seed = 128, C = 1.0, task = miss/falsealarm
2020-10-04 17:12:08,232 : INFO : __main__ : missing trials, name = ken_2016-09-30, seed = 128, C = 1.0, task = correctreject/falsealarm
2020-10-04 17:12:08,232 : INFO : __main__ : missing trials, name = ken_2016-09-30, seed = 128, C = 1.0, task = target/nontarget
2020-10-04 17:12:08,232 : INFO : __main__ : missing trials, name = ken_2016-09-30, seed = 256, C = 1.0, task = hit/miss
2020-10-04 17:12:08,232 : INFO : __main__ : missing trials, name = ken_2016-09-30, seed = 256, C = 1.0, task = hit/correctreject
2020-10-04 17:12:08,232 : INFO : __main__ : missing trials, name = ken_2016-09-30, seed = 256, C = 1.0, task = hit/falsealarm
2020-10-04 17:12:08,232 : INFO : __main__ : missing trials, name = ken_2016-09-30, seed = 256, C = 1.0, task = miss/correctreject
2020-10-04 17:12:08,232 : INFO : __main__ : missing trials, name = ken_2016-09-30, seed = 256, C = 1.0, task = miss/falsealarm
2020-10-04 17:12:08,233 : INFO : __main__ : missing trials, name = ken_2016-09-30, seed = 256, C = 1.0, task = correctreject/falsealarm
2020-10-04 17:12:08,233 : INFO : __main__ : missing trials, name = ken_2016-09-30, seed = 256, C = 1.0, task = target/nontarget
2020-10-04 17:12:08,233 : INFO : __main__ : missing trials, name = ken_2016-09-30, seed = 512, C = 1.0, task = hit/miss
2020-10-04 17:12:08,233 : INFO : __main__ : missing trials, name = ken_2016-09-30, seed = 512, C = 1.0, task = hit/correctreject
2020-10-04 17:12:08,233 : INFO : __main__ : missing trials, name = ken_2016-09-30, seed = 512, C = 1.0, task = hit/falsealarm
2020-10-04 17:12:08,233 : INFO : __main__ : missing trials, name = ken_2016-09-30, seed = 512, C = 1.0, task = miss/correctreject
2020-10-04 17:12:08,233 : INFO : __main__ : missing trials, name = ken_2016-09-30, seed = 512, C = 1.0, task = miss/falsealarm
2020-10-04 17:12:08,233 : INFO : __main__ : missing trials, name = ken_2016-09-30, seed = 512, C = 1.0, task = correctreject/falsealarm
2020-10-04 17:12:08,233 : INFO : __main__ : missing trials, name = ken_2016-09-30, seed = 512, C = 1.0, task = target/nontarget
